The system is: Linux - 5.3.0-61-generic - x86_64
Compiling the C compiler identification source file "CMakeCCompilerId.c" succeeded.
Compiler: /usr/bin/cc 
Build flags: 
Id flags:  

The output was:
0


Compilation of the C compiler identification source "CMakeCCompilerId.c" produced "a.out"

The C compiler identification is GNU, found in "/home/julen/i72pehej/Uni_4/FSIV/Practics/Practic1/build/CMakeFiles/3.10.2/CompilerIdC/a.out"

Compiling the CXX compiler identification source file "CMakeCXXCompilerId.cpp" succeeded.
Compiler: /usr/bin/c++ 
Build flags: 
Id flags:  

The output was:
0


Compilation of the CXX compiler identification source "CMakeCXXCompilerId.cpp" produced "a.out"

The CXX compiler identification is GNU, found in "/home/julen/i72pehej/Uni_4/FSIV/Practics/Practic1/build/CMakeFiles/3.10.2/CompilerIdCXX/a.out"

Determining if the C compiler works passed with the following output:
Change Dir: /home/julen/i72pehej/Uni_4/FSIV/Practics/Practic1/build/CMakeFiles/CMakeTmp

Run Build Command:"/usr/bin/make" "cmTC_0ae4f/fast"
/usr/bin/make -f CMakeFiles/cmTC_0ae4f.dir/build.make CMakeFiles/cmTC_0ae4f.dir/build
make[1]: se entra en el directorio '/home/julen/i72pehej/Uni_4/FSIV/Practics/Practic1/build/CMakeFiles/CMakeTmp'
Building C object CMakeFiles/cmTC_0ae4f.dir/testCCompiler.c.o
/usr/bin/cc    -o CMakeFiles/cmTC_0ae4f.dir/testCCompiler.c.o   -c /home/julen/i72pehej/Uni_4/FSIV/Practics/Practic1/build/CMakeFiles/CMakeTmp/testCCompiler.c
Linking C executable cmTC_0ae4f
/usr/bin/cmake -E cmake_link_script CMakeFiles/cmTC_0ae4f.dir/link.txt --verbose=1
/usr/bin/cc      -rdynamic CMakeFiles/cmTC_0ae4f.dir/testCCompiler.c.o  -o cmTC_0ae4f 
make[1]: se sale del directorio '/home/julen/i72pehej/Uni_4/FSIV/Practics/Practic1/build/CMakeFiles/CMakeTmp'


Detecting C compiler ABI info compiled with the following output:
Change Dir: /home/julen/i72pehej/Uni_4/FSIV/Practics/Practic1/build/CMakeFiles/CMakeTmp

Run Build Command:"/usr/bin/make" "cmTC_b4125/fast"
/usr/bin/make -f CMakeFiles/cmTC_b4125.dir/build.make CMakeFiles/cmTC_b4125.dir/build
make[1]: se entra en el directorio '/home/julen/i72pehej/Uni_4/FSIV/Practics/Practic1/build/CMakeFiles/CMakeTmp'
Building C object CMakeFiles/cmTC_b4125.dir/CMakeCCompilerABI.c.o
/usr/bin/cc    -o CMakeFiles/cmTC_b4125.dir/CMakeCCompilerABI.c.o   -c /usr/share/cmake-3.10/Modules/CMakeCCompilerABI.c
Linking C executable cmTC_b4125
/usr/bin/cmake -E cmake_link_script CMakeFiles/cmTC_b4125.dir/link.txt --verbose=1
/usr/bin/cc     -v -rdynamic CMakeFiles/cmTC_b4125.dir/CMakeCCompilerABI.c.o  -o cmTC_b4125 
Using built-in specs.
COLLECT_GCC=/usr/bin/cc
COLLECT_LTO_WRAPPER=/usr/lib/gcc/x86_64-linux-gnu/7/lto-wrapper
OFFLOAD_TARGET_NAMES=nvptx-none
OFFLOAD_TARGET_DEFAULT=1
Target: x86_64-linux-gnu
Configured with: ../src/configure -v --with-pkgversion='Ubuntu 7.5.0-3ubuntu1~18.04' --with-bugurl=file:///usr/share/doc/gcc-7/README.Bugs --enable-languages=c,ada,c++,go,brig,d,fortran,objc,obj-c++ --prefix=/usr --with-gcc-major-version-only --program-suffix=-7 --program-prefix=x86_64-linux-gnu- --enable-shared --enable-linker-build-id --libexecdir=/usr/lib --without-included-gettext --enable-threads=posix --libdir=/usr/lib --enable-nls --enable-bootstrap --enable-clocale=gnu --enable-libstdcxx-debug --enable-libstdcxx-time=yes --with-default-libstdcxx-abi=new --enable-gnu-unique-object --disable-vtable-verify --enable-libmpx --enable-plugin --enable-default-pie --with-system-zlib --with-target-system-zlib --enable-objc-gc=auto --enable-multiarch --disable-werror --with-arch-32=i686 --with-abi=m64 --with-multilib-list=m32,m64,mx32 --enable-multilib --with-tune=generic --enable-offload-targets=nvptx-none --without-cuda-driver --enable-checking=release --build=x86_64-linux-gnu --host=x86_64-linux-gnu --target=x86_64-linux-gnu
Thread model: posix
gcc version 7.5.0 (Ubuntu 7.5.0-3ubuntu1~18.04) 
COMPILER_PATH=/usr/lib/gcc/x86_64-linux-gnu/7/:/usr/lib/gcc/x86_64-linux-gnu/7/:/usr/lib/gcc/x86_64-linux-gnu/:/usr/lib/gcc/x86_64-linux-gnu/7/:/usr/lib/gcc/x86_64-linux-gnu/
LIBRARY_PATH=/usr/lib/gcc/x86_64-linux-gnu/7/:/usr/lib/gcc/x86_64-linux-gnu/7/../../../x86_64-linux-gnu/:/usr/lib/gcc/x86_64-linux-gnu/7/../../../../lib/:/lib/x86_64-linux-gnu/:/lib/../lib/:/usr/lib/x86_64-linux-gnu/:/usr/lib/../lib/:/usr/lib/gcc/x86_64-linux-gnu/7/../../../:/lib/:/usr/lib/
COLLECT_GCC_OPTIONS='-v' '-rdynamic' '-o' 'cmTC_b4125' '-mtune=generic' '-march=x86-64'
 /usr/lib/gcc/x86_64-linux-gnu/7/collect2 -plugin /usr/lib/gcc/x86_64-linux-gnu/7/liblto_plugin.so -plugin-opt=/usr/lib/gcc/x86_64-linux-gnu/7/lto-wrapper -plugin-opt=-fresolution=/tmp/cc6ikNdZ.res -plugin-opt=-pass-through=-lgcc -plugin-opt=-pass-through=-lgcc_s -plugin-opt=-pass-through=-lc -plugin-opt=-pass-through=-lgcc -plugin-opt=-pass-through=-lgcc_s --build-id --eh-frame-hdr -m elf_x86_64 --hash-style=gnu --as-needed -export-dynamic -dynamic-linker /lib64/ld-linux-x86-64.so.2 -pie -z now -z relro -o cmTC_b4125 /usr/lib/gcc/x86_64-linux-gnu/7/../../../x86_64-linux-gnu/Scrt1.o /usr/lib/gcc/x86_64-linux-gnu/7/../../../x86_64-linux-gnu/crti.o /usr/lib/gcc/x86_64-linux-gnu/7/crtbeginS.o -L/usr/lib/gcc/x86_64-linux-gnu/7 -L/usr/lib/gcc/x86_64-linux-gnu/7/../../../x86_64-linux-gnu -L/usr/lib/gcc/x86_64-linux-gnu/7/../../../../lib -L/lib/x86_64-linux-gnu -L/lib/../lib -L/usr/lib/x86_64-linux-gnu -L/usr/lib/../lib -L/usr/lib/gcc/x86_64-linux-gnu/7/../../.. CMakeFiles/cmTC_b4125.dir/CMakeCCompilerABI.c.o -lgcc --push-state --as-needed -lgcc_s --pop-state -lc -lgcc --push-state --as-needed -lgcc_s --pop-state /usr/lib/gcc/x86_64-linux-gnu/7/crtendS.o /usr/lib/gcc/x86_64-linux-gnu/7/../../../x86_64-linux-gnu/crtn.o
COLLECT_GCC_OPTIONS='-v' '-rdynamic' '-o' 'cmTC_b4125' '-mtune=generic' '-march=x86-64'
make[1]: se sale del directorio '/home/julen/i72pehej/Uni_4/FSIV/Practics/Practic1/build/CMakeFiles/CMakeTmp'


Parsed C implicit link information from above output:
  link line regex: [^( *|.*[/\])(ld|CMAKE_LINK_STARTFILE-NOTFOUND|([^/\]+-)?ld|collect2)[^/\]*( |$)]
  ignore line: [Change Dir: /home/julen/i72pehej/Uni_4/FSIV/Practics/Practic1/build/CMakeFiles/CMakeTmp]
  ignore line: []
  ignore line: [Run Build Command:"/usr/bin/make" "cmTC_b4125/fast"]
  ignore line: [/usr/bin/make -f CMakeFiles/cmTC_b4125.dir/build.make CMakeFiles/cmTC_b4125.dir/build]
  ignore line: [make[1]: se entra en el directorio '/home/julen/i72pehej/Uni_4/FSIV/Practics/Practic1/build/CMakeFiles/CMakeTmp']
  ignore line: [Building C object CMakeFiles/cmTC_b4125.dir/CMakeCCompilerABI.c.o]
  ignore line: [/usr/bin/cc    -o CMakeFiles/cmTC_b4125.dir/CMakeCCompilerABI.c.o   -c /usr/share/cmake-3.10/Modules/CMakeCCompilerABI.c]
  ignore line: [Linking C executable cmTC_b4125]
  ignore line: [/usr/bin/cmake -E cmake_link_script CMakeFiles/cmTC_b4125.dir/link.txt --verbose=1]
  ignore line: [/usr/bin/cc     -v -rdynamic CMakeFiles/cmTC_b4125.dir/CMakeCCompilerABI.c.o  -o cmTC_b4125 ]
  ignore line: [Using built-in specs.]
  ignore line: [COLLECT_GCC=/usr/bin/cc]
  ignore line: [COLLECT_LTO_WRAPPER=/usr/lib/gcc/x86_64-linux-gnu/7/lto-wrapper]
  ignore line: [OFFLOAD_TARGET_NAMES=nvptx-none]
  ignore line: [OFFLOAD_TARGET_DEFAULT=1]
  ignore line: [Target: x86_64-linux-gnu]
  ignore line: [Configured with: ../src/configure -v --with-pkgversion='Ubuntu 7.5.0-3ubuntu1~18.04' --with-bugurl=file:///usr/share/doc/gcc-7/README.Bugs --enable-languages=c,ada,c++,go,brig,d,fortran,objc,obj-c++ --prefix=/usr --with-gcc-major-version-only --program-suffix=-7 --program-prefix=x86_64-linux-gnu- --enable-shared --enable-linker-build-id --libexecdir=/usr/lib --without-included-gettext --enable-threads=posix --libdir=/usr/lib --enable-nls --enable-bootstrap --enable-clocale=gnu --enable-libstdcxx-debug --enable-libstdcxx-time=yes --with-default-libstdcxx-abi=new --enable-gnu-unique-object --disable-vtable-verify --enable-libmpx --enable-plugin --enable-default-pie --with-system-zlib --with-target-system-zlib --enable-objc-gc=auto --enable-multiarch --disable-werror --with-arch-32=i686 --with-abi=m64 --with-multilib-list=m32,m64,mx32 --enable-multilib --with-tune=generic --enable-offload-targets=nvptx-none --without-cuda-driver --enable-checking=release --build=x86_64-linux-gnu --host=x86_64-linux-gnu --target=x86_64-linux-gnu]
  ignore line: [Thread model: posix]
  ignore line: [gcc version 7.5.0 (Ubuntu 7.5.0-3ubuntu1~18.04) ]
  ignore line: [COMPILER_PATH=/usr/lib/gcc/x86_64-linux-gnu/7/:/usr/lib/gcc/x86_64-linux-gnu/7/:/usr/lib/gcc/x86_64-linux-gnu/:/usr/lib/gcc/x86_64-linux-gnu/7/:/usr/lib/gcc/x86_64-linux-gnu/]
  ignore line: [LIBRARY_PATH=/usr/lib/gcc/x86_64-linux-gnu/7/:/usr/lib/gcc/x86_64-linux-gnu/7/../../../x86_64-linux-gnu/:/usr/lib/gcc/x86_64-linux-gnu/7/../../../../lib/:/lib/x86_64-linux-gnu/:/lib/../lib/:/usr/lib/x86_64-linux-gnu/:/usr/lib/../lib/:/usr/lib/gcc/x86_64-linux-gnu/7/../../../:/lib/:/usr/lib/]
  ignore line: [COLLECT_GCC_OPTIONS='-v' '-rdynamic' '-o' 'cmTC_b4125' '-mtune=generic' '-march=x86-64']
  link line: [ /usr/lib/gcc/x86_64-linux-gnu/7/collect2 -plugin /usr/lib/gcc/x86_64-linux-gnu/7/liblto_plugin.so -plugin-opt=/usr/lib/gcc/x86_64-linux-gnu/7/lto-wrapper -plugin-opt=-fresolution=/tmp/cc6ikNdZ.res -plugin-opt=-pass-through=-lgcc -plugin-opt=-pass-through=-lgcc_s -plugin-opt=-pass-through=-lc -plugin-opt=-pass-through=-lgcc -plugin-opt=-pass-through=-lgcc_s --build-id --eh-frame-hdr -m elf_x86_64 --hash-style=gnu --as-needed -export-dynamic -dynamic-linker /lib64/ld-linux-x86-64.so.2 -pie -z now -z relro -o cmTC_b4125 /usr/lib/gcc/x86_64-linux-gnu/7/../../../x86_64-linux-gnu/Scrt1.o /usr/lib/gcc/x86_64-linux-gnu/7/../../../x86_64-linux-gnu/crti.o /usr/lib/gcc/x86_64-linux-gnu/7/crtbeginS.o -L/usr/lib/gcc/x86_64-linux-gnu/7 -L/usr/lib/gcc/x86_64-linux-gnu/7/../../../x86_64-linux-gnu -L/usr/lib/gcc/x86_64-linux-gnu/7/../../../../lib -L/lib/x86_64-linux-gnu -L/lib/../lib -L/usr/lib/x86_64-linux-gnu -L/usr/lib/../lib -L/usr/lib/gcc/x86_64-linux-gnu/7/../../.. CMakeFiles/cmTC_b4125.dir/CMakeCCompilerABI.c.o -lgcc --push-state --as-needed -lgcc_s --pop-state -lc -lgcc --push-state --as-needed -lgcc_s --pop-state /usr/lib/gcc/x86_64-linux-gnu/7/crtendS.o /usr/lib/gcc/x86_64-linux-gnu/7/../../../x86_64-linux-gnu/crtn.o]
    arg [/usr/lib/gcc/x86_64-linux-gnu/7/collect2] ==> ignore
    arg [-plugin] ==> ignore
    arg [/usr/lib/gcc/x86_64-linux-gnu/7/liblto_plugin.so] ==> ignore
    arg [-plugin-opt=/usr/lib/gcc/x86_64-linux-gnu/7/lto-wrapper] ==> ignore
    arg [-plugin-opt=-fresolution=/tmp/cc6ikNdZ.res] ==> ignore
    arg [-plugin-opt=-pass-through=-lgcc] ==> ignore
    arg [-plugin-opt=-pass-through=-lgcc_s] ==> ignore
    arg [-plugin-opt=-pass-through=-lc] ==> ignore
    arg [-plugin-opt=-pass-through=-lgcc] ==> ignore
    arg [-plugin-opt=-pass-through=-lgcc_s] ==> ignore
    arg [--build-id] ==> ignore
    arg [--eh-frame-hdr] ==> ignore
    arg [-m] ==> ignore
    arg [elf_x86_64] ==> ignore
    arg [--hash-style=gnu] ==> ignore
    arg [--as-needed] ==> ignore
    arg [-export-dynamic] ==> ignore
    arg [-dynamic-linker] ==> ignore
    arg [/lib64/ld-linux-x86-64.so.2] ==> ignore
    arg [-pie] ==> ignore
    arg [-znow] ==> ignore
    arg [-zrelro] ==> ignore
    arg [-o] ==> ignore
    arg [cmTC_b4125] ==> ignore
    arg [/usr/lib/gcc/x86_64-linux-gnu/7/../../../x86_64-linux-gnu/Scrt1.o] ==> ignore
    arg [/usr/lib/gcc/x86_64-linux-gnu/7/../../../x86_64-linux-gnu/crti.o] ==> ignore
    arg [/usr/lib/gcc/x86_64-linux-gnu/7/crtbeginS.o] ==> ignore
    arg [-L/usr/lib/gcc/x86_64-linux-gnu/7] ==> dir [/usr/lib/gcc/x86_64-linux-gnu/7]
    arg [-L/usr/lib/gcc/x86_64-linux-gnu/7/../../../x86_64-linux-gnu] ==> dir [/usr/lib/gcc/x86_64-linux-gnu/7/../../../x86_64-linux-gnu]
    arg [-L/usr/lib/gcc/x86_64-linux-gnu/7/../../../../lib] ==> dir [/usr/lib/gcc/x86_64-linux-gnu/7/../../../../lib]
    arg [-L/lib/x86_64-linux-gnu] ==> dir [/lib/x86_64-linux-gnu]
    arg [-L/lib/../lib] ==> dir [/lib/../lib]
    arg [-L/usr/lib/x86_64-linux-gnu] ==> dir [/usr/lib/x86_64-linux-gnu]
    arg [-L/usr/lib/../lib] ==> dir [/usr/lib/../lib]
    arg [-L/usr/lib/gcc/x86_64-linux-gnu/7/../../..] ==> dir [/usr/lib/gcc/x86_64-linux-gnu/7/../../..]
    arg [CMakeFiles/cmTC_b4125.dir/CMakeCCompilerABI.c.o] ==> ignore
    arg [-lgcc] ==> lib [gcc]
    arg [--push-state] ==> ignore
    arg [--as-needed] ==> ignore
    arg [-lgcc_s] ==> lib [gcc_s]
    arg [--pop-state] ==> ignore
    arg [-lc] ==> lib [c]
    arg [-lgcc] ==> lib [gcc]
    arg [--push-state] ==> ignore
    arg [--as-needed] ==> ignore
    arg [-lgcc_s] ==> lib [gcc_s]
    arg [--pop-state] ==> ignore
    arg [/usr/lib/gcc/x86_64-linux-gnu/7/crtendS.o] ==> ignore
    arg [/usr/lib/gcc/x86_64-linux-gnu/7/../../../x86_64-linux-gnu/crtn.o] ==> ignore
  collapse library dir [/usr/lib/gcc/x86_64-linux-gnu/7] ==> [/usr/lib/gcc/x86_64-linux-gnu/7]
  collapse library dir [/usr/lib/gcc/x86_64-linux-gnu/7/../../../x86_64-linux-gnu] ==> [/usr/lib/x86_64-linux-gnu]
  collapse library dir [/usr/lib/gcc/x86_64-linux-gnu/7/../../../../lib] ==> [/usr/lib]
  collapse library dir [/lib/x86_64-linux-gnu] ==> [/lib/x86_64-linux-gnu]
  collapse library dir [/lib/../lib] ==> [/lib]
  collapse library dir [/usr/lib/x86_64-linux-gnu] ==> [/usr/lib/x86_64-linux-gnu]
  collapse library dir [/usr/lib/../lib] ==> [/usr/lib]
  collapse library dir [/usr/lib/gcc/x86_64-linux-gnu/7/../../..] ==> [/usr/lib]
  implicit libs: [gcc;gcc_s;c;gcc;gcc_s]
  implicit dirs: [/usr/lib/gcc/x86_64-linux-gnu/7;/usr/lib/x86_64-linux-gnu;/usr/lib;/lib/x86_64-linux-gnu;/lib]
  implicit fwks: []




Detecting C [-std=c11] compiler features compiled with the following output:
Change Dir: /home/julen/i72pehej/Uni_4/FSIV/Practics/Practic1/build/CMakeFiles/CMakeTmp

Run Build Command:"/usr/bin/make" "cmTC_ab8f8/fast"
/usr/bin/make -f CMakeFiles/cmTC_ab8f8.dir/build.make CMakeFiles/cmTC_ab8f8.dir/build
make[1]: se entra en el directorio '/home/julen/i72pehej/Uni_4/FSIV/Practics/Practic1/build/CMakeFiles/CMakeTmp'
Building C object CMakeFiles/cmTC_ab8f8.dir/feature_tests.c.o
/usr/bin/cc   -std=c11 -o CMakeFiles/cmTC_ab8f8.dir/feature_tests.c.o   -c /home/julen/i72pehej/Uni_4/FSIV/Practics/Practic1/build/CMakeFiles/feature_tests.c
Linking C executable cmTC_ab8f8
/usr/bin/cmake -E cmake_link_script CMakeFiles/cmTC_ab8f8.dir/link.txt --verbose=1
/usr/bin/cc      -rdynamic CMakeFiles/cmTC_ab8f8.dir/feature_tests.c.o  -o cmTC_ab8f8 
make[1]: se sale del directorio '/home/julen/i72pehej/Uni_4/FSIV/Practics/Practic1/build/CMakeFiles/CMakeTmp'


    Feature record: C_FEATURE:1c_function_prototypes
    Feature record: C_FEATURE:1c_restrict
    Feature record: C_FEATURE:1c_static_assert
    Feature record: C_FEATURE:1c_variadic_macros


Detecting C [-std=c99] compiler features compiled with the following output:
Change Dir: /home/julen/i72pehej/Uni_4/FSIV/Practics/Practic1/build/CMakeFiles/CMakeTmp

Run Build Command:"/usr/bin/make" "cmTC_9b516/fast"
/usr/bin/make -f CMakeFiles/cmTC_9b516.dir/build.make CMakeFiles/cmTC_9b516.dir/build
make[1]: se entra en el directorio '/home/julen/i72pehej/Uni_4/FSIV/Practics/Practic1/build/CMakeFiles/CMakeTmp'
Building C object CMakeFiles/cmTC_9b516.dir/feature_tests.c.o
/usr/bin/cc   -std=c99 -o CMakeFiles/cmTC_9b516.dir/feature_tests.c.o   -c /home/julen/i72pehej/Uni_4/FSIV/Practics/Practic1/build/CMakeFiles/feature_tests.c
Linking C executable cmTC_9b516
/usr/bin/cmake -E cmake_link_script CMakeFiles/cmTC_9b516.dir/link.txt --verbose=1
/usr/bin/cc      -rdynamic CMakeFiles/cmTC_9b516.dir/feature_tests.c.o  -o cmTC_9b516 
make[1]: se sale del directorio '/home/julen/i72pehej/Uni_4/FSIV/Practics/Practic1/build/CMakeFiles/CMakeTmp'


    Feature record: C_FEATURE:1c_function_prototypes
    Feature record: C_FEATURE:1c_restrict
    Feature record: C_FEATURE:0c_static_assert
    Feature record: C_FEATURE:1c_variadic_macros


Detecting C [-std=c90] compiler features compiled with the following output:
Change Dir: /home/julen/i72pehej/Uni_4/FSIV/Practics/Practic1/build/CMakeFiles/CMakeTmp

Run Build Command:"/usr/bin/make" "cmTC_6f508/fast"
/usr/bin/make -f CMakeFiles/cmTC_6f508.dir/build.make CMakeFiles/cmTC_6f508.dir/build
make[1]: se entra en el directorio '/home/julen/i72pehej/Uni_4/FSIV/Practics/Practic1/build/CMakeFiles/CMakeTmp'
Building C object CMakeFiles/cmTC_6f508.dir/feature_tests.c.o
/usr/bin/cc   -std=c90 -o CMakeFiles/cmTC_6f508.dir/feature_tests.c.o   -c /home/julen/i72pehej/Uni_4/FSIV/Practics/Practic1/build/CMakeFiles/feature_tests.c
Linking C executable cmTC_6f508
/usr/bin/cmake -E cmake_link_script CMakeFiles/cmTC_6f508.dir/link.txt --verbose=1
/usr/bin/cc      -rdynamic CMakeFiles/cmTC_6f508.dir/feature_tests.c.o  -o cmTC_6f508 
make[1]: se sale del directorio '/home/julen/i72pehej/Uni_4/FSIV/Practics/Practic1/build/CMakeFiles/CMakeTmp'


    Feature record: C_FEATURE:1c_function_prototypes
    Feature record: C_FEATURE:0c_restrict
    Feature record: C_FEATURE:0c_static_assert
    Feature record: C_FEATURE:0c_variadic_macros
Determining if the CXX compiler works passed with the following output:
Change Dir: /home/julen/i72pehej/Uni_4/FSIV/Practics/Practic1/build/CMakeFiles/CMakeTmp

Run Build Command:"/usr/bin/make" "cmTC_b5ee0/fast"
/usr/bin/make -f CMakeFiles/cmTC_b5ee0.dir/build.make CMakeFiles/cmTC_b5ee0.dir/build
make[1]: se entra en el directorio '/home/julen/i72pehej/Uni_4/FSIV/Practics/Practic1/build/CMakeFiles/CMakeTmp'
Building CXX object CMakeFiles/cmTC_b5ee0.dir/testCXXCompiler.cxx.o
/usr/bin/c++     -o CMakeFiles/cmTC_b5ee0.dir/testCXXCompiler.cxx.o -c /home/julen/i72pehej/Uni_4/FSIV/Practics/Practic1/build/CMakeFiles/CMakeTmp/testCXXCompiler.cxx
Linking CXX executable cmTC_b5ee0
/usr/bin/cmake -E cmake_link_script CMakeFiles/cmTC_b5ee0.dir/link.txt --verbose=1
/usr/bin/c++       -rdynamic CMakeFiles/cmTC_b5ee0.dir/testCXXCompiler.cxx.o  -o cmTC_b5ee0 
make[1]: se sale del directorio '/home/julen/i72pehej/Uni_4/FSIV/Practics/Practic1/build/CMakeFiles/CMakeTmp'


Detecting CXX compiler ABI info compiled with the following output:
Change Dir: /home/julen/i72pehej/Uni_4/FSIV/Practics/Practic1/build/CMakeFiles/CMakeTmp

Run Build Command:"/usr/bin/make" "cmTC_a447a/fast"
/usr/bin/make -f CMakeFiles/cmTC_a447a.dir/build.make CMakeFiles/cmTC_a447a.dir/build
make[1]: se entra en el directorio '/home/julen/i72pehej/Uni_4/FSIV/Practics/Practic1/build/CMakeFiles/CMakeTmp'
Building CXX object CMakeFiles/cmTC_a447a.dir/CMakeCXXCompilerABI.cpp.o
/usr/bin/c++     -o CMakeFiles/cmTC_a447a.dir/CMakeCXXCompilerABI.cpp.o -c /usr/share/cmake-3.10/Modules/CMakeCXXCompilerABI.cpp
Linking CXX executable cmTC_a447a
/usr/bin/cmake -E cmake_link_script CMakeFiles/cmTC_a447a.dir/link.txt --verbose=1
/usr/bin/c++      -v -rdynamic CMakeFiles/cmTC_a447a.dir/CMakeCXXCompilerABI.cpp.o  -o cmTC_a447a 
Using built-in specs.
COLLECT_GCC=/usr/bin/c++
COLLECT_LTO_WRAPPER=/usr/lib/gcc/x86_64-linux-gnu/7/lto-wrapper
OFFLOAD_TARGET_NAMES=nvptx-none
OFFLOAD_TARGET_DEFAULT=1
Target: x86_64-linux-gnu
Configured with: ../src/configure -v --with-pkgversion='Ubuntu 7.5.0-3ubuntu1~18.04' --with-bugurl=file:///usr/share/doc/gcc-7/README.Bugs --enable-languages=c,ada,c++,go,brig,d,fortran,objc,obj-c++ --prefix=/usr --with-gcc-major-version-only --program-suffix=-7 --program-prefix=x86_64-linux-gnu- --enable-shared --enable-linker-build-id --libexecdir=/usr/lib --without-included-gettext --enable-threads=posix --libdir=/usr/lib --enable-nls --enable-bootstrap --enable-clocale=gnu --enable-libstdcxx-debug --enable-libstdcxx-time=yes --with-default-libstdcxx-abi=new --enable-gnu-unique-object --disable-vtable-verify --enable-libmpx --enable-plugin --enable-default-pie --with-system-zlib --with-target-system-zlib --enable-objc-gc=auto --enable-multiarch --disable-werror --with-arch-32=i686 --with-abi=m64 --with-multilib-list=m32,m64,mx32 --enable-multilib --with-tune=generic --enable-offload-targets=nvptx-none --without-cuda-driver --enable-checking=release --build=x86_64-linux-gnu --host=x86_64-linux-gnu --target=x86_64-linux-gnu
Thread model: posix
gcc version 7.5.0 (Ubuntu 7.5.0-3ubuntu1~18.04) 
COMPILER_PATH=/usr/lib/gcc/x86_64-linux-gnu/7/:/usr/lib/gcc/x86_64-linux-gnu/7/:/usr/lib/gcc/x86_64-linux-gnu/:/usr/lib/gcc/x86_64-linux-gnu/7/:/usr/lib/gcc/x86_64-linux-gnu/
LIBRARY_PATH=/usr/lib/gcc/x86_64-linux-gnu/7/:/usr/lib/gcc/x86_64-linux-gnu/7/../../../x86_64-linux-gnu/:/usr/lib/gcc/x86_64-linux-gnu/7/../../../../lib/:/lib/x86_64-linux-gnu/:/lib/../lib/:/usr/lib/x86_64-linux-gnu/:/usr/lib/../lib/:/usr/lib/gcc/x86_64-linux-gnu/7/../../../:/lib/:/usr/lib/
COLLECT_GCC_OPTIONS='-v' '-rdynamic' '-o' 'cmTC_a447a' '-shared-libgcc' '-mtune=generic' '-march=x86-64'
 /usr/lib/gcc/x86_64-linux-gnu/7/collect2 -plugin /usr/lib/gcc/x86_64-linux-gnu/7/liblto_plugin.so -plugin-opt=/usr/lib/gcc/x86_64-linux-gnu/7/lto-wrapper -plugin-opt=-fresolution=/tmp/ccccgEAz.res -plugin-opt=-pass-through=-lgcc_s -plugin-opt=-pass-through=-lgcc -plugin-opt=-pass-through=-lc -plugin-opt=-pass-through=-lgcc_s -plugin-opt=-pass-through=-lgcc --build-id --eh-frame-hdr -m elf_x86_64 --hash-style=gnu --as-needed -export-dynamic -dynamic-linker /lib64/ld-linux-x86-64.so.2 -pie -z now -z relro -o cmTC_a447a /usr/lib/gcc/x86_64-linux-gnu/7/../../../x86_64-linux-gnu/Scrt1.o /usr/lib/gcc/x86_64-linux-gnu/7/../../../x86_64-linux-gnu/crti.o /usr/lib/gcc/x86_64-linux-gnu/7/crtbeginS.o -L/usr/lib/gcc/x86_64-linux-gnu/7 -L/usr/lib/gcc/x86_64-linux-gnu/7/../../../x86_64-linux-gnu -L/usr/lib/gcc/x86_64-linux-gnu/7/../../../../lib -L/lib/x86_64-linux-gnu -L/lib/../lib -L/usr/lib/x86_64-linux-gnu -L/usr/lib/../lib -L/usr/lib/gcc/x86_64-linux-gnu/7/../../.. CMakeFiles/cmTC_a447a.dir/CMakeCXXCompilerABI.cpp.o -lstdc++ -lm -lgcc_s -lgcc -lc -lgcc_s -lgcc /usr/lib/gcc/x86_64-linux-gnu/7/crtendS.o /usr/lib/gcc/x86_64-linux-gnu/7/../../../x86_64-linux-gnu/crtn.o
COLLECT_GCC_OPTIONS='-v' '-rdynamic' '-o' 'cmTC_a447a' '-shared-libgcc' '-mtune=generic' '-march=x86-64'
make[1]: se sale del directorio '/home/julen/i72pehej/Uni_4/FSIV/Practics/Practic1/build/CMakeFiles/CMakeTmp'


Parsed CXX implicit link information from above output:
  link line regex: [^( *|.*[/\])(ld|CMAKE_LINK_STARTFILE-NOTFOUND|([^/\]+-)?ld|collect2)[^/\]*( |$)]
  ignore line: [Change Dir: /home/julen/i72pehej/Uni_4/FSIV/Practics/Practic1/build/CMakeFiles/CMakeTmp]
  ignore line: []
  ignore line: [Run Build Command:"/usr/bin/make" "cmTC_a447a/fast"]
  ignore line: [/usr/bin/make -f CMakeFiles/cmTC_a447a.dir/build.make CMakeFiles/cmTC_a447a.dir/build]
  ignore line: [make[1]: se entra en el directorio '/home/julen/i72pehej/Uni_4/FSIV/Practics/Practic1/build/CMakeFiles/CMakeTmp']
  ignore line: [Building CXX object CMakeFiles/cmTC_a447a.dir/CMakeCXXCompilerABI.cpp.o]
  ignore line: [/usr/bin/c++     -o CMakeFiles/cmTC_a447a.dir/CMakeCXXCompilerABI.cpp.o -c /usr/share/cmake-3.10/Modules/CMakeCXXCompilerABI.cpp]
  ignore line: [Linking CXX executable cmTC_a447a]
  ignore line: [/usr/bin/cmake -E cmake_link_script CMakeFiles/cmTC_a447a.dir/link.txt --verbose=1]
  ignore line: [/usr/bin/c++      -v -rdynamic CMakeFiles/cmTC_a447a.dir/CMakeCXXCompilerABI.cpp.o  -o cmTC_a447a ]
  ignore line: [Using built-in specs.]
  ignore line: [COLLECT_GCC=/usr/bin/c++]
  ignore line: [COLLECT_LTO_WRAPPER=/usr/lib/gcc/x86_64-linux-gnu/7/lto-wrapper]
  ignore line: [OFFLOAD_TARGET_NAMES=nvptx-none]
  ignore line: [OFFLOAD_TARGET_DEFAULT=1]
  ignore line: [Target: x86_64-linux-gnu]
  ignore line: [Configured with: ../src/configure -v --with-pkgversion='Ubuntu 7.5.0-3ubuntu1~18.04' --with-bugurl=file:///usr/share/doc/gcc-7/README.Bugs --enable-languages=c,ada,c++,go,brig,d,fortran,objc,obj-c++ --prefix=/usr --with-gcc-major-version-only --program-suffix=-7 --program-prefix=x86_64-linux-gnu- --enable-shared --enable-linker-build-id --libexecdir=/usr/lib --without-included-gettext --enable-threads=posix --libdir=/usr/lib --enable-nls --enable-bootstrap --enable-clocale=gnu --enable-libstdcxx-debug --enable-libstdcxx-time=yes --with-default-libstdcxx-abi=new --enable-gnu-unique-object --disable-vtable-verify --enable-libmpx --enable-plugin --enable-default-pie --with-system-zlib --with-target-system-zlib --enable-objc-gc=auto --enable-multiarch --disable-werror --with-arch-32=i686 --with-abi=m64 --with-multilib-list=m32,m64,mx32 --enable-multilib --with-tune=generic --enable-offload-targets=nvptx-none --without-cuda-driver --enable-checking=release --build=x86_64-linux-gnu --host=x86_64-linux-gnu --target=x86_64-linux-gnu]
  ignore line: [Thread model: posix]
  ignore line: [gcc version 7.5.0 (Ubuntu 7.5.0-3ubuntu1~18.04) ]
  ignore line: [COMPILER_PATH=/usr/lib/gcc/x86_64-linux-gnu/7/:/usr/lib/gcc/x86_64-linux-gnu/7/:/usr/lib/gcc/x86_64-linux-gnu/:/usr/lib/gcc/x86_64-linux-gnu/7/:/usr/lib/gcc/x86_64-linux-gnu/]
  ignore line: [LIBRARY_PATH=/usr/lib/gcc/x86_64-linux-gnu/7/:/usr/lib/gcc/x86_64-linux-gnu/7/../../../x86_64-linux-gnu/:/usr/lib/gcc/x86_64-linux-gnu/7/../../../../lib/:/lib/x86_64-linux-gnu/:/lib/../lib/:/usr/lib/x86_64-linux-gnu/:/usr/lib/../lib/:/usr/lib/gcc/x86_64-linux-gnu/7/../../../:/lib/:/usr/lib/]
  ignore line: [COLLECT_GCC_OPTIONS='-v' '-rdynamic' '-o' 'cmTC_a447a' '-shared-libgcc' '-mtune=generic' '-march=x86-64']
  link line: [ /usr/lib/gcc/x86_64-linux-gnu/7/collect2 -plugin /usr/lib/gcc/x86_64-linux-gnu/7/liblto_plugin.so -plugin-opt=/usr/lib/gcc/x86_64-linux-gnu/7/lto-wrapper -plugin-opt=-fresolution=/tmp/ccccgEAz.res -plugin-opt=-pass-through=-lgcc_s -plugin-opt=-pass-through=-lgcc -plugin-opt=-pass-through=-lc -plugin-opt=-pass-through=-lgcc_s -plugin-opt=-pass-through=-lgcc --build-id --eh-frame-hdr -m elf_x86_64 --hash-style=gnu --as-needed -export-dynamic -dynamic-linker /lib64/ld-linux-x86-64.so.2 -pie -z now -z relro -o cmTC_a447a /usr/lib/gcc/x86_64-linux-gnu/7/../../../x86_64-linux-gnu/Scrt1.o /usr/lib/gcc/x86_64-linux-gnu/7/../../../x86_64-linux-gnu/crti.o /usr/lib/gcc/x86_64-linux-gnu/7/crtbeginS.o -L/usr/lib/gcc/x86_64-linux-gnu/7 -L/usr/lib/gcc/x86_64-linux-gnu/7/../../../x86_64-linux-gnu -L/usr/lib/gcc/x86_64-linux-gnu/7/../../../../lib -L/lib/x86_64-linux-gnu -L/lib/../lib -L/usr/lib/x86_64-linux-gnu -L/usr/lib/../lib -L/usr/lib/gcc/x86_64-linux-gnu/7/../../.. CMakeFiles/cmTC_a447a.dir/CMakeCXXCompilerABI.cpp.o -lstdc++ -lm -lgcc_s -lgcc -lc -lgcc_s -lgcc /usr/lib/gcc/x86_64-linux-gnu/7/crtendS.o /usr/lib/gcc/x86_64-linux-gnu/7/../../../x86_64-linux-gnu/crtn.o]
    arg [/usr/lib/gcc/x86_64-linux-gnu/7/collect2] ==> ignore
    arg [-plugin] ==> ignore
    arg [/usr/lib/gcc/x86_64-linux-gnu/7/liblto_plugin.so] ==> ignore
    arg [-plugin-opt=/usr/lib/gcc/x86_64-linux-gnu/7/lto-wrapper] ==> ignore
    arg [-plugin-opt=-fresolution=/tmp/ccccgEAz.res] ==> ignore
    arg [-plugin-opt=-pass-through=-lgcc_s] ==> ignore
    arg [-plugin-opt=-pass-through=-lgcc] ==> ignore
    arg [-plugin-opt=-pass-through=-lc] ==> ignore
    arg [-plugin-opt=-pass-through=-lgcc_s] ==> ignore
    arg [-plugin-opt=-pass-through=-lgcc] ==> ignore
    arg [--build-id] ==> ignore
    arg [--eh-frame-hdr] ==> ignore
    arg [-m] ==> ignore
    arg [elf_x86_64] ==> ignore
    arg [--hash-style=gnu] ==> ignore
    arg [--as-needed] ==> ignore
    arg [-export-dynamic] ==> ignore
    arg [-dynamic-linker] ==> ignore
    arg [/lib64/ld-linux-x86-64.so.2] ==> ignore
    arg [-pie] ==> ignore
    arg [-znow] ==> ignore
    arg [-zrelro] ==> ignore
    arg [-o] ==> ignore
    arg [cmTC_a447a] ==> ignore
    arg [/usr/lib/gcc/x86_64-linux-gnu/7/../../../x86_64-linux-gnu/Scrt1.o] ==> ignore
    arg [/usr/lib/gcc/x86_64-linux-gnu/7/../../../x86_64-linux-gnu/crti.o] ==> ignore
    arg [/usr/lib/gcc/x86_64-linux-gnu/7/crtbeginS.o] ==> ignore
    arg [-L/usr/lib/gcc/x86_64-linux-gnu/7] ==> dir [/usr/lib/gcc/x86_64-linux-gnu/7]
    arg [-L/usr/lib/gcc/x86_64-linux-gnu/7/../../../x86_64-linux-gnu] ==> dir [/usr/lib/gcc/x86_64-linux-gnu/7/../../../x86_64-linux-gnu]
    arg [-L/usr/lib/gcc/x86_64-linux-gnu/7/../../../../lib] ==> dir [/usr/lib/gcc/x86_64-linux-gnu/7/../../../../lib]
    arg [-L/lib/x86_64-linux-gnu] ==> dir [/lib/x86_64-linux-gnu]
    arg [-L/lib/../lib] ==> dir [/lib/../lib]
    arg [-L/usr/lib/x86_64-linux-gnu] ==> dir [/usr/lib/x86_64-linux-gnu]
    arg [-L/usr/lib/../lib] ==> dir [/usr/lib/../lib]
    arg [-L/usr/lib/gcc/x86_64-linux-gnu/7/../../..] ==> dir [/usr/lib/gcc/x86_64-linux-gnu/7/../../..]
    arg [CMakeFiles/cmTC_a447a.dir/CMakeCXXCompilerABI.cpp.o] ==> ignore
    arg [-lstdc++] ==> lib [stdc++]
    arg [-lm] ==> lib [m]
    arg [-lgcc_s] ==> lib [gcc_s]
    arg [-lgcc] ==> lib [gcc]
    arg [-lc] ==> lib [c]
    arg [-lgcc_s] ==> lib [gcc_s]
    arg [-lgcc] ==> lib [gcc]
    arg [/usr/lib/gcc/x86_64-linux-gnu/7/crtendS.o] ==> ignore
    arg [/usr/lib/gcc/x86_64-linux-gnu/7/../../../x86_64-linux-gnu/crtn.o] ==> ignore
  collapse library dir [/usr/lib/gcc/x86_64-linux-gnu/7] ==> [/usr/lib/gcc/x86_64-linux-gnu/7]
  collapse library dir [/usr/lib/gcc/x86_64-linux-gnu/7/../../../x86_64-linux-gnu] ==> [/usr/lib/x86_64-linux-gnu]
  collapse library dir [/usr/lib/gcc/x86_64-linux-gnu/7/../../../../lib] ==> [/usr/lib]
  collapse library dir [/lib/x86_64-linux-gnu] ==> [/lib/x86_64-linux-gnu]
  collapse library dir [/lib/../lib] ==> [/lib]
  collapse library dir [/usr/lib/x86_64-linux-gnu] ==> [/usr/lib/x86_64-linux-gnu]
  collapse library dir [/usr/lib/../lib] ==> [/usr/lib]
  collapse library dir [/usr/lib/gcc/x86_64-linux-gnu/7/../../..] ==> [/usr/lib]
  implicit libs: [stdc++;m;gcc_s;gcc;c;gcc_s;gcc]
  implicit dirs: [/usr/lib/gcc/x86_64-linux-gnu/7;/usr/lib/x86_64-linux-gnu;/usr/lib;/lib/x86_64-linux-gnu;/lib]
  implicit fwks: []




Detecting CXX [-std=c++1z] compiler features compiled with the following output:
Change Dir: /home/julen/i72pehej/Uni_4/FSIV/Practics/Practic1/build/CMakeFiles/CMakeTmp

Run Build Command:"/usr/bin/make" "cmTC_0688d/fast"
/usr/bin/make -f CMakeFiles/cmTC_0688d.dir/build.make CMakeFiles/cmTC_0688d.dir/build
make[1]: se entra en el directorio '/home/julen/i72pehej/Uni_4/FSIV/Practics/Practic1/build/CMakeFiles/CMakeTmp'
Building CXX object CMakeFiles/cmTC_0688d.dir/feature_tests.cxx.o
/usr/bin/c++    -std=c++1z -o CMakeFiles/cmTC_0688d.dir/feature_tests.cxx.o -c /home/julen/i72pehej/Uni_4/FSIV/Practics/Practic1/build/CMakeFiles/feature_tests.cxx
Linking CXX executable cmTC_0688d
/usr/bin/cmake -E cmake_link_script CMakeFiles/cmTC_0688d.dir/link.txt --verbose=1
/usr/bin/c++       -rdynamic CMakeFiles/cmTC_0688d.dir/feature_tests.cxx.o  -o cmTC_0688d 
make[1]: se sale del directorio '/home/julen/i72pehej/Uni_4/FSIV/Practics/Practic1/build/CMakeFiles/CMakeTmp'


    Feature record: CXX_FEATURE:1cxx_aggregate_default_initializers
    Feature record: CXX_FEATURE:1cxx_alias_templates
    Feature record: CXX_FEATURE:1cxx_alignas
    Feature record: CXX_FEATURE:1cxx_alignof
    Feature record: CXX_FEATURE:1cxx_attributes
    Feature record: CXX_FEATURE:1cxx_attribute_deprecated
    Feature record: CXX_FEATURE:1cxx_auto_type
    Feature record: CXX_FEATURE:1cxx_binary_literals
    Feature record: CXX_FEATURE:1cxx_constexpr
    Feature record: CXX_FEATURE:1cxx_contextual_conversions
    Feature record: CXX_FEATURE:1cxx_decltype
    Feature record: CXX_FEATURE:1cxx_decltype_auto
    Feature record: CXX_FEATURE:1cxx_decltype_incomplete_return_types
    Feature record: CXX_FEATURE:1cxx_default_function_template_args
    Feature record: CXX_FEATURE:1cxx_defaulted_functions
    Feature record: CXX_FEATURE:1cxx_defaulted_move_initializers
    Feature record: CXX_FEATURE:1cxx_delegating_constructors
    Feature record: CXX_FEATURE:1cxx_deleted_functions
    Feature record: CXX_FEATURE:1cxx_digit_separators
    Feature record: CXX_FEATURE:1cxx_enum_forward_declarations
    Feature record: CXX_FEATURE:1cxx_explicit_conversions
    Feature record: CXX_FEATURE:1cxx_extended_friend_declarations
    Feature record: CXX_FEATURE:1cxx_extern_templates
    Feature record: CXX_FEATURE:1cxx_final
    Feature record: CXX_FEATURE:1cxx_func_identifier
    Feature record: CXX_FEATURE:1cxx_generalized_initializers
    Feature record: CXX_FEATURE:1cxx_generic_lambdas
    Feature record: CXX_FEATURE:1cxx_inheriting_constructors
    Feature record: CXX_FEATURE:1cxx_inline_namespaces
    Feature record: CXX_FEATURE:1cxx_lambdas
    Feature record: CXX_FEATURE:1cxx_lambda_init_captures
    Feature record: CXX_FEATURE:1cxx_local_type_template_args
    Feature record: CXX_FEATURE:1cxx_long_long_type
    Feature record: CXX_FEATURE:1cxx_noexcept
    Feature record: CXX_FEATURE:1cxx_nonstatic_member_init
    Feature record: CXX_FEATURE:1cxx_nullptr
    Feature record: CXX_FEATURE:1cxx_override
    Feature record: CXX_FEATURE:1cxx_range_for
    Feature record: CXX_FEATURE:1cxx_raw_string_literals
    Feature record: CXX_FEATURE:1cxx_reference_qualified_functions
    Feature record: CXX_FEATURE:1cxx_relaxed_constexpr
    Feature record: CXX_FEATURE:1cxx_return_type_deduction
    Feature record: CXX_FEATURE:1cxx_right_angle_brackets
    Feature record: CXX_FEATURE:1cxx_rvalue_references
    Feature record: CXX_FEATURE:1cxx_sizeof_member
    Feature record: CXX_FEATURE:1cxx_static_assert
    Feature record: CXX_FEATURE:1cxx_strong_enums
    Feature record: CXX_FEATURE:1cxx_template_template_parameters
    Feature record: CXX_FEATURE:1cxx_thread_local
    Feature record: CXX_FEATURE:1cxx_trailing_return_types
    Feature record: CXX_FEATURE:1cxx_unicode_literals
    Feature record: CXX_FEATURE:1cxx_uniform_initialization
    Feature record: CXX_FEATURE:1cxx_unrestricted_unions
    Feature record: CXX_FEATURE:1cxx_user_literals
    Feature record: CXX_FEATURE:1cxx_variable_templates
    Feature record: CXX_FEATURE:1cxx_variadic_macros
    Feature record: CXX_FEATURE:1cxx_variadic_templates


Detecting CXX [-std=c++14] compiler features compiled with the following output:
Change Dir: /home/julen/i72pehej/Uni_4/FSIV/Practics/Practic1/build/CMakeFiles/CMakeTmp

Run Build Command:"/usr/bin/make" "cmTC_a2611/fast"
/usr/bin/make -f CMakeFiles/cmTC_a2611.dir/build.make CMakeFiles/cmTC_a2611.dir/build
make[1]: se entra en el directorio '/home/julen/i72pehej/Uni_4/FSIV/Practics/Practic1/build/CMakeFiles/CMakeTmp'
Building CXX object CMakeFiles/cmTC_a2611.dir/feature_tests.cxx.o
/usr/bin/c++    -std=c++14 -o CMakeFiles/cmTC_a2611.dir/feature_tests.cxx.o -c /home/julen/i72pehej/Uni_4/FSIV/Practics/Practic1/build/CMakeFiles/feature_tests.cxx
Linking CXX executable cmTC_a2611
/usr/bin/cmake -E cmake_link_script CMakeFiles/cmTC_a2611.dir/link.txt --verbose=1
/usr/bin/c++       -rdynamic CMakeFiles/cmTC_a2611.dir/feature_tests.cxx.o  -o cmTC_a2611 
make[1]: se sale del directorio '/home/julen/i72pehej/Uni_4/FSIV/Practics/Practic1/build/CMakeFiles/CMakeTmp'


    Feature record: CXX_FEATURE:1cxx_aggregate_default_initializers
    Feature record: CXX_FEATURE:1cxx_alias_templates
    Feature record: CXX_FEATURE:1cxx_alignas
    Feature record: CXX_FEATURE:1cxx_alignof
    Feature record: CXX_FEATURE:1cxx_attributes
    Feature record: CXX_FEATURE:1cxx_attribute_deprecated
    Feature record: CXX_FEATURE:1cxx_auto_type
    Feature record: CXX_FEATURE:1cxx_binary_literals
    Feature record: CXX_FEATURE:1cxx_constexpr
    Feature record: CXX_FEATURE:1cxx_contextual_conversions
    Feature record: CXX_FEATURE:1cxx_decltype
    Feature record: CXX_FEATURE:1cxx_decltype_auto
    Feature record: CXX_FEATURE:1cxx_decltype_incomplete_return_types
    Feature record: CXX_FEATURE:1cxx_default_function_template_args
    Feature record: CXX_FEATURE:1cxx_defaulted_functions
    Feature record: CXX_FEATURE:1cxx_defaulted_move_initializers
    Feature record: CXX_FEATURE:1cxx_delegating_constructors
    Feature record: CXX_FEATURE:1cxx_deleted_functions
    Feature record: CXX_FEATURE:1cxx_digit_separators
    Feature record: CXX_FEATURE:1cxx_enum_forward_declarations
    Feature record: CXX_FEATURE:1cxx_explicit_conversions
    Feature record: CXX_FEATURE:1cxx_extended_friend_declarations
    Feature record: CXX_FEATURE:1cxx_extern_templates
    Feature record: CXX_FEATURE:1cxx_final
    Feature record: CXX_FEATURE:1cxx_func_identifier
    Feature record: CXX_FEATURE:1cxx_generalized_initializers
    Feature record: CXX_FEATURE:1cxx_generic_lambdas
    Feature record: CXX_FEATURE:1cxx_inheriting_constructors
    Feature record: CXX_FEATURE:1cxx_inline_namespaces
    Feature record: CXX_FEATURE:1cxx_lambdas
    Feature record: CXX_FEATURE:1cxx_lambda_init_captures
    Feature record: CXX_FEATURE:1cxx_local_type_template_args
    Feature record: CXX_FEATURE:1cxx_long_long_type
    Feature record: CXX_FEATURE:1cxx_noexcept
    Feature record: CXX_FEATURE:1cxx_nonstatic_member_init
    Feature record: CXX_FEATURE:1cxx_nullptr
    Feature record: CXX_FEATURE:1cxx_override
    Feature record: CXX_FEATURE:1cxx_range_for
    Feature record: CXX_FEATURE:1cxx_raw_string_literals
    Feature record: CXX_FEATURE:1cxx_reference_qualified_functions
    Feature record: CXX_FEATURE:1cxx_relaxed_constexpr
    Feature record: CXX_FEATURE:1cxx_return_type_deduction
    Feature record: CXX_FEATURE:1cxx_right_angle_brackets
    Feature record: CXX_FEATURE:1cxx_rvalue_references
    Feature record: CXX_FEATURE:1cxx_sizeof_member
    Feature record: CXX_FEATURE:1cxx_static_assert
    Feature record: CXX_FEATURE:1cxx_strong_enums
    Feature record: CXX_FEATURE:1cxx_template_template_parameters
    Feature record: CXX_FEATURE:1cxx_thread_local
    Feature record: CXX_FEATURE:1cxx_trailing_return_types
    Feature record: CXX_FEATURE:1cxx_unicode_literals
    Feature record: CXX_FEATURE:1cxx_uniform_initialization
    Feature record: CXX_FEATURE:1cxx_unrestricted_unions
    Feature record: CXX_FEATURE:1cxx_user_literals
    Feature record: CXX_FEATURE:1cxx_variable_templates
    Feature record: CXX_FEATURE:1cxx_variadic_macros
    Feature record: CXX_FEATURE:1cxx_variadic_templates


Detecting CXX [-std=c++11] compiler features compiled with the following output:
Change Dir: /home/julen/i72pehej/Uni_4/FSIV/Practics/Practic1/build/CMakeFiles/CMakeTmp

Run Build Command:"/usr/bin/make" "cmTC_78c1e/fast"
/usr/bin/make -f CMakeFiles/cmTC_78c1e.dir/build.make CMakeFiles/cmTC_78c1e.dir/build
make[1]: se entra en el directorio '/home/julen/i72pehej/Uni_4/FSIV/Practics/Practic1/build/CMakeFiles/CMakeTmp'
Building CXX object CMakeFiles/cmTC_78c1e.dir/feature_tests.cxx.o
/usr/bin/c++    -std=c++11 -o CMakeFiles/cmTC_78c1e.dir/feature_tests.cxx.o -c /home/julen/i72pehej/Uni_4/FSIV/Practics/Practic1/build/CMakeFiles/feature_tests.cxx
Linking CXX executable cmTC_78c1e
/usr/bin/cmake -E cmake_link_script CMakeFiles/cmTC_78c1e.dir/link.txt --verbose=1
/usr/bin/c++       -rdynamic CMakeFiles/cmTC_78c1e.dir/feature_tests.cxx.o  -o cmTC_78c1e 
make[1]: se sale del directorio '/home/julen/i72pehej/Uni_4/FSIV/Practics/Practic1/build/CMakeFiles/CMakeTmp'


    Feature record: CXX_FEATURE:0cxx_aggregate_default_initializers
    Feature record: CXX_FEATURE:1cxx_alias_templates
    Feature record: CXX_FEATURE:1cxx_alignas
    Feature record: CXX_FEATURE:1cxx_alignof
    Feature record: CXX_FEATURE:1cxx_attributes
    Feature record: CXX_FEATURE:0cxx_attribute_deprecated
    Feature record: CXX_FEATURE:1cxx_auto_type
    Feature record: CXX_FEATURE:0cxx_binary_literals
    Feature record: CXX_FEATURE:1cxx_constexpr
    Feature record: CXX_FEATURE:0cxx_contextual_conversions
    Feature record: CXX_FEATURE:1cxx_decltype
    Feature record: CXX_FEATURE:0cxx_decltype_auto
    Feature record: CXX_FEATURE:1cxx_decltype_incomplete_return_types
    Feature record: CXX_FEATURE:1cxx_default_function_template_args
    Feature record: CXX_FEATURE:1cxx_defaulted_functions
    Feature record: CXX_FEATURE:1cxx_defaulted_move_initializers
    Feature record: CXX_FEATURE:1cxx_delegating_constructors
    Feature record: CXX_FEATURE:1cxx_deleted_functions
    Feature record: CXX_FEATURE:0cxx_digit_separators
    Feature record: CXX_FEATURE:1cxx_enum_forward_declarations
    Feature record: CXX_FEATURE:1cxx_explicit_conversions
    Feature record: CXX_FEATURE:1cxx_extended_friend_declarations
    Feature record: CXX_FEATURE:1cxx_extern_templates
    Feature record: CXX_FEATURE:1cxx_final
    Feature record: CXX_FEATURE:1cxx_func_identifier
    Feature record: CXX_FEATURE:1cxx_generalized_initializers
    Feature record: CXX_FEATURE:0cxx_generic_lambdas
    Feature record: CXX_FEATURE:1cxx_inheriting_constructors
    Feature record: CXX_FEATURE:1cxx_inline_namespaces
    Feature record: CXX_FEATURE:1cxx_lambdas
    Feature record: CXX_FEATURE:0cxx_lambda_init_captures
    Feature record: CXX_FEATURE:1cxx_local_type_template_args
    Feature record: CXX_FEATURE:1cxx_long_long_type
    Feature record: CXX_FEATURE:1cxx_noexcept
    Feature record: CXX_FEATURE:1cxx_nonstatic_member_init
    Feature record: CXX_FEATURE:1cxx_nullptr
    Feature record: CXX_FEATURE:1cxx_override
    Feature record: CXX_FEATURE:1cxx_range_for
    Feature record: CXX_FEATURE:1cxx_raw_string_literals
    Feature record: CXX_FEATURE:1cxx_reference_qualified_functions
    Feature record: CXX_FEATURE:0cxx_relaxed_constexpr
    Feature record: CXX_FEATURE:0cxx_return_type_deduction
    Feature record: CXX_FEATURE:1cxx_right_angle_brackets
    Feature record: CXX_FEATURE:1cxx_rvalue_references
    Feature record: CXX_FEATURE:1cxx_sizeof_member
    Feature record: CXX_FEATURE:1cxx_static_assert
    Feature record: CXX_FEATURE:1cxx_strong_enums
    Feature record: CXX_FEATURE:1cxx_template_template_parameters
    Feature record: CXX_FEATURE:1cxx_thread_local
    Feature record: CXX_FEATURE:1cxx_trailing_return_types
    Feature record: CXX_FEATURE:1cxx_unicode_literals
    Feature record: CXX_FEATURE:1cxx_uniform_initialization
    Feature record: CXX_FEATURE:1cxx_unrestricted_unions
    Feature record: CXX_FEATURE:1cxx_user_literals
    Feature record: CXX_FEATURE:0cxx_variable_templates
    Feature record: CXX_FEATURE:1cxx_variadic_macros
    Feature record: CXX_FEATURE:1cxx_variadic_templates


Detecting CXX [-std=c++98] compiler features compiled with the following output:
Change Dir: /home/julen/i72pehej/Uni_4/FSIV/Practics/Practic1/build/CMakeFiles/CMakeTmp

Run Build Command:"/usr/bin/make" "cmTC_52c9b/fast"
/usr/bin/make -f CMakeFiles/cmTC_52c9b.dir/build.make CMakeFiles/cmTC_52c9b.dir/build
make[1]: se entra en el directorio '/home/julen/i72pehej/Uni_4/FSIV/Practics/Practic1/build/CMakeFiles/CMakeTmp'
Building CXX object CMakeFiles/cmTC_52c9b.dir/feature_tests.cxx.o
/usr/bin/c++    -std=c++98 -o CMakeFiles/cmTC_52c9b.dir/feature_tests.cxx.o -c /home/julen/i72pehej/Uni_4/FSIV/Practics/Practic1/build/CMakeFiles/feature_tests.cxx
Linking CXX executable cmTC_52c9b
/usr/bin/cmake -E cmake_link_script CMakeFiles/cmTC_52c9b.dir/link.txt --verbose=1
/usr/bin/c++       -rdynamic CMakeFiles/cmTC_52c9b.dir/feature_tests.cxx.o  -o cmTC_52c9b 
make[1]: se sale del directorio '/home/julen/i72pehej/Uni_4/FSIV/Practics/Practic1/build/CMakeFiles/CMakeTmp'


    Feature record: CXX_FEATURE:0cxx_aggregate_default_initializers
    Feature record: CXX_FEATURE:0cxx_alias_templates
    Feature record: CXX_FEATURE:0cxx_alignas
    Feature record: CXX_FEATURE:0cxx_alignof
    Feature record: CXX_FEATURE:0cxx_attributes
    Feature record: CXX_FEATURE:0cxx_attribute_deprecated
    Feature record: CXX_FEATURE:0cxx_auto_type
    Feature record: CXX_FEATURE:0cxx_binary_literals
    Feature record: CXX_FEATURE:0cxx_constexpr
    Feature record: CXX_FEATURE:0cxx_contextual_conversions
    Feature record: CXX_FEATURE:0cxx_decltype
    Feature record: CXX_FEATURE:0cxx_decltype_auto
    Feature record: CXX_FEATURE:0cxx_decltype_incomplete_return_types
    Feature record: CXX_FEATURE:0cxx_default_function_template_args
    Feature record: CXX_FEATURE:0cxx_defaulted_functions
    Feature record: CXX_FEATURE:0cxx_defaulted_move_initializers
    Feature record: CXX_FEATURE:0cxx_delegating_constructors
    Feature record: CXX_FEATURE:0cxx_deleted_functions
    Feature record: CXX_FEATURE:0cxx_digit_separators
    Feature record: CXX_FEATURE:0cxx_enum_forward_declarations
    Feature record: CXX_FEATURE:0cxx_explicit_conversions
    Feature record: CXX_FEATURE:0cxx_extended_friend_declarations
    Feature record: CXX_FEATURE:0cxx_extern_templates
    Feature record: CXX_FEATURE:0cxx_final
    Feature record: CXX_FEATURE:0cxx_func_identifier
    Feature record: CXX_FEATURE:0cxx_generalized_initializers
    Feature record: CXX_FEATURE:0cxx_generic_lambdas
    Feature record: CXX_FEATURE:0cxx_inheriting_constructors
    Feature record: CXX_FEATURE:0cxx_inline_namespaces
    Feature record: CXX_FEATURE:0cxx_lambdas
    Feature record: CXX_FEATURE:0cxx_lambda_init_captures
    Feature record: CXX_FEATURE:0cxx_local_type_template_args
    Feature record: CXX_FEATURE:0cxx_long_long_type
    Feature record: CXX_FEATURE:0cxx_noexcept
    Feature record: CXX_FEATURE:0cxx_nonstatic_member_init
    Feature record: CXX_FEATURE:0cxx_nullptr
    Feature record: CXX_FEATURE:0cxx_override
    Feature record: CXX_FEATURE:0cxx_range_for
    Feature record: CXX_FEATURE:0cxx_raw_string_literals
    Feature record: CXX_FEATURE:0cxx_reference_qualified_functions
    Feature record: CXX_FEATURE:0cxx_relaxed_constexpr
    Feature record: CXX_FEATURE:0cxx_return_type_deduction
    Feature record: CXX_FEATURE:0cxx_right_angle_brackets
    Feature record: CXX_FEATURE:0cxx_rvalue_references
    Feature record: CXX_FEATURE:0cxx_sizeof_member
    Feature record: CXX_FEATURE:0cxx_static_assert
    Feature record: CXX_FEATURE:0cxx_strong_enums
    Feature record: CXX_FEATURE:1cxx_template_template_parameters
    Feature record: CXX_FEATURE:0cxx_thread_local
    Feature record: CXX_FEATURE:0cxx_trailing_return_types
    Feature record: CXX_FEATURE:0cxx_unicode_literals
    Feature record: CXX_FEATURE:0cxx_uniform_initialization
    Feature record: CXX_FEATURE:0cxx_unrestricted_unions
    Feature record: CXX_FEATURE:0cxx_user_literals
    Feature record: CXX_FEATURE:0cxx_variable_templates
    Feature record: CXX_FEATURE:0cxx_variadic_macros
    Feature record: CXX_FEATURE:0cxx_variadic_templates
The system is: Linux - 4.16.0-041600-generic - x86_64
Compiling the C compiler identification source file "CMakeCCompilerId.c" succeeded.
Compiler: /usr/local/opt/gcc-5.3.0-32/bin/gcc 
Build flags: 
Id flags:  

The output was:
0


Compilation of the C compiler identification source "CMakeCCompilerId.c" produced "a.out"

The C compiler identification is GNU, found in "/home/i72pehej/UNI_4/FSIV/PerezHernandezJulen_Assigment1/build/CMakeFiles/3.13.4/CompilerIdC/a.out"

Compiling the CXX compiler identification source file "CMakeCXXCompilerId.cpp" succeeded.
Compiler: /usr/local/opt/gcc-5.3.0-32/bin/c++ 
Build flags: 
Id flags:  

The output was:
0


Compilation of the CXX compiler identification source "CMakeCXXCompilerId.cpp" produced "a.out"

The CXX compiler identification is GNU, found in "/home/i72pehej/UNI_4/FSIV/PerezHernandezJulen_Assigment1/build/CMakeFiles/3.13.4/CompilerIdCXX/a.out"

Determining if the C compiler works passed with the following output:
Change Dir: /home/i72pehej/UNI_4/FSIV/PerezHernandezJulen_Assigment1/build/CMakeFiles/CMakeTmp

Run Build Command:"/usr/local/bin/gmake" "cmTC_69dc3/fast"
/usr/local/bin/gmake -f CMakeFiles/cmTC_69dc3.dir/build.make CMakeFiles/cmTC_69dc3.dir/build
gmake[1]: se entra en el directorio '/home/i72pehej/UNI_4/FSIV/PerezHernandezJulen_Assigment1/build/CMakeFiles/CMakeTmp'
Building C object CMakeFiles/cmTC_69dc3.dir/testCCompiler.c.o
/usr/local/opt/gcc-5.3.0-32/bin/gcc    -o CMakeFiles/cmTC_69dc3.dir/testCCompiler.c.o   -c /home/i72pehej/UNI_4/FSIV/PerezHernandezJulen_Assigment1/build/CMakeFiles/CMakeTmp/testCCompiler.c
Linking C executable cmTC_69dc3
/usr/local/bin/cmake -E cmake_link_script CMakeFiles/cmTC_69dc3.dir/link.txt --verbose=1
/usr/local/opt/gcc-5.3.0-32/bin/gcc      -rdynamic CMakeFiles/cmTC_69dc3.dir/testCCompiler.c.o  -o cmTC_69dc3 
gmake[1]: se sale del directorio '/home/i72pehej/UNI_4/FSIV/PerezHernandezJulen_Assigment1/build/CMakeFiles/CMakeTmp'


Detecting C compiler ABI info compiled with the following output:
Change Dir: /home/i72pehej/UNI_4/FSIV/PerezHernandezJulen_Assigment1/build/CMakeFiles/CMakeTmp

Run Build Command:"/usr/local/bin/gmake" "cmTC_28c64/fast"
/usr/local/bin/gmake -f CMakeFiles/cmTC_28c64.dir/build.make CMakeFiles/cmTC_28c64.dir/build
gmake[1]: se entra en el directorio '/home/i72pehej/UNI_4/FSIV/PerezHernandezJulen_Assigment1/build/CMakeFiles/CMakeTmp'
Building C object CMakeFiles/cmTC_28c64.dir/CMakeCCompilerABI.c.o
/usr/local/opt/gcc-5.3.0-32/bin/gcc    -o CMakeFiles/cmTC_28c64.dir/CMakeCCompilerABI.c.o   -c /usr/local/share/cmake-3.13/Modules/CMakeCCompilerABI.c
Linking C executable cmTC_28c64
/usr/local/bin/cmake -E cmake_link_script CMakeFiles/cmTC_28c64.dir/link.txt --verbose=1
/usr/local/opt/gcc-5.3.0-32/bin/gcc     -v -rdynamic CMakeFiles/cmTC_28c64.dir/CMakeCCompilerABI.c.o  -o cmTC_28c64 
Usando especificaciones internas.
COLLECT_GCC=/usr/local/opt/gcc-5.3.0-32/bin/gcc
COLLECT_LTO_WRAPPER=/usr/local/opt/gcc-5.3.0-32/libexec/gcc/i686-pc-linux-gnu/5.3.0/lto-wrapper
Objetivo: i686-pc-linux-gnu
Configurado con: ../gcc-5.3.0/configure --prefix=/usr/local/opt/gcc-5.3.0-32 --x-includes=/usr/local/X11R7/include --x-libraries=/usr/local/X11R7/lib --enable-tls --enable-languages=c,c++ --disable-multilib --disable-bootstrap --host=i686-pc-linux-gnu --build=i686-pc-linux-gnu : (reconfigured) ../gcc-5.3.0/configure --prefix=/usr/local/opt/gcc-5.3.0-32 --x-includes=/usr/local/X11R7/include --x-libraries=/usr/local/X11R7/lib --enable-tls --enable-languages=c,c++,fortran,java --disable-multilib --disable-bootstrap --host=i686-pc-linux-gnu --build=i686-pc-linux-gnu
Modelo de hilos: posix
gcc versión 5.3.0 (GCC) 
COMPILER_PATH=/usr/local/opt/gcc-5.3.0-32/libexec/gcc/i686-pc-linux-gnu/5.3.0/:/usr/local/opt/gcc-5.3.0-32/libexec/gcc/i686-pc-linux-gnu/5.3.0/:/usr/local/opt/gcc-5.3.0-32/libexec/gcc/i686-pc-linux-gnu/:/usr/local/opt/gcc-5.3.0-32/lib/gcc/i686-pc-linux-gnu/5.3.0/:/usr/local/opt/gcc-5.3.0-32/lib/gcc/i686-pc-linux-gnu/
LIBRARY_PATH=/usr/local/opt/gcc-5.3.0-32/lib/gcc/i686-pc-linux-gnu/5.3.0/:/usr/local/opt/gcc-5.3.0-32/lib/gcc/i686-pc-linux-gnu/5.3.0/../../../:/lib/:/usr/lib/
COLLECT_GCC_OPTIONS='-v' '-rdynamic' '-o' 'cmTC_28c64' '-mtune=generic' '-march=pentiumpro'
 /usr/local/opt/gcc-5.3.0-32/libexec/gcc/i686-pc-linux-gnu/5.3.0/collect2 -plugin /usr/local/opt/gcc-5.3.0-32/libexec/gcc/i686-pc-linux-gnu/5.3.0/liblto_plugin.so -plugin-opt=/usr/local/opt/gcc-5.3.0-32/libexec/gcc/i686-pc-linux-gnu/5.3.0/lto-wrapper -plugin-opt=-fresolution=/tmp/ccLxKUuF.res -plugin-opt=-pass-through=-lgcc -plugin-opt=-pass-through=-lgcc_s -plugin-opt=-pass-through=-lc -plugin-opt=-pass-through=-lgcc -plugin-opt=-pass-through=-lgcc_s --eh-frame-hdr -m elf_i386 -export-dynamic -dynamic-linker /lib/ld-linux.so.2 -o cmTC_28c64 /lib/crt1.o /lib/crti.o /usr/local/opt/gcc-5.3.0-32/lib/gcc/i686-pc-linux-gnu/5.3.0/crtbegin.o -L/usr/local/opt/gcc-5.3.0-32/lib/gcc/i686-pc-linux-gnu/5.3.0 -L/usr/local/opt/gcc-5.3.0-32/lib/gcc/i686-pc-linux-gnu/5.3.0/../../.. CMakeFiles/cmTC_28c64.dir/CMakeCCompilerABI.c.o -lgcc --as-needed -lgcc_s --no-as-needed -lc -lgcc --as-needed -lgcc_s --no-as-needed /usr/local/opt/gcc-5.3.0-32/lib/gcc/i686-pc-linux-gnu/5.3.0/crtend.o /lib/crtn.o
gmake[1]: se sale del directorio '/home/i72pehej/UNI_4/FSIV/PerezHernandezJulen_Assigment1/build/CMakeFiles/CMakeTmp'


Parsed C implicit link information from above output:
  link line regex: [^( *|.*[/\])(ld|CMAKE_LINK_STARTFILE-NOTFOUND|([^/\]+-)?ld|collect2)[^/\]*( |$)]
  ignore line: [Change Dir: /home/i72pehej/UNI_4/FSIV/PerezHernandezJulen_Assigment1/build/CMakeFiles/CMakeTmp]
  ignore line: []
  ignore line: [Run Build Command:"/usr/local/bin/gmake" "cmTC_28c64/fast"]
  ignore line: [/usr/local/bin/gmake -f CMakeFiles/cmTC_28c64.dir/build.make CMakeFiles/cmTC_28c64.dir/build]
  ignore line: [gmake[1]: se entra en el directorio '/home/i72pehej/UNI_4/FSIV/PerezHernandezJulen_Assigment1/build/CMakeFiles/CMakeTmp']
  ignore line: [Building C object CMakeFiles/cmTC_28c64.dir/CMakeCCompilerABI.c.o]
  ignore line: [/usr/local/opt/gcc-5.3.0-32/bin/gcc    -o CMakeFiles/cmTC_28c64.dir/CMakeCCompilerABI.c.o   -c /usr/local/share/cmake-3.13/Modules/CMakeCCompilerABI.c]
  ignore line: [Linking C executable cmTC_28c64]
  ignore line: [/usr/local/bin/cmake -E cmake_link_script CMakeFiles/cmTC_28c64.dir/link.txt --verbose=1]
  ignore line: [/usr/local/opt/gcc-5.3.0-32/bin/gcc     -v -rdynamic CMakeFiles/cmTC_28c64.dir/CMakeCCompilerABI.c.o  -o cmTC_28c64 ]
  ignore line: [Usando especificaciones internas.]
  ignore line: [COLLECT_GCC=/usr/local/opt/gcc-5.3.0-32/bin/gcc]
  ignore line: [COLLECT_LTO_WRAPPER=/usr/local/opt/gcc-5.3.0-32/libexec/gcc/i686-pc-linux-gnu/5.3.0/lto-wrapper]
  ignore line: [Objetivo: i686-pc-linux-gnu]
  ignore line: [Configurado con: ../gcc-5.3.0/configure --prefix=/usr/local/opt/gcc-5.3.0-32 --x-includes=/usr/local/X11R7/include --x-libraries=/usr/local/X11R7/lib --enable-tls --enable-languages=c,c++ --disable-multilib --disable-bootstrap --host=i686-pc-linux-gnu --build=i686-pc-linux-gnu : (reconfigured) ../gcc-5.3.0/configure --prefix=/usr/local/opt/gcc-5.3.0-32 --x-includes=/usr/local/X11R7/include --x-libraries=/usr/local/X11R7/lib --enable-tls --enable-languages=c,c++,fortran,java --disable-multilib --disable-bootstrap --host=i686-pc-linux-gnu --build=i686-pc-linux-gnu]
  ignore line: [Modelo de hilos: posix]
  ignore line: [gcc versión 5.3.0 (GCC) ]
  ignore line: [COMPILER_PATH=/usr/local/opt/gcc-5.3.0-32/libexec/gcc/i686-pc-linux-gnu/5.3.0/:/usr/local/opt/gcc-5.3.0-32/libexec/gcc/i686-pc-linux-gnu/5.3.0/:/usr/local/opt/gcc-5.3.0-32/libexec/gcc/i686-pc-linux-gnu/:/usr/local/opt/gcc-5.3.0-32/lib/gcc/i686-pc-linux-gnu/5.3.0/:/usr/local/opt/gcc-5.3.0-32/lib/gcc/i686-pc-linux-gnu/]
  ignore line: [LIBRARY_PATH=/usr/local/opt/gcc-5.3.0-32/lib/gcc/i686-pc-linux-gnu/5.3.0/:/usr/local/opt/gcc-5.3.0-32/lib/gcc/i686-pc-linux-gnu/5.3.0/../../../:/lib/:/usr/lib/]
  ignore line: [COLLECT_GCC_OPTIONS='-v' '-rdynamic' '-o' 'cmTC_28c64' '-mtune=generic' '-march=pentiumpro']
  link line: [ /usr/local/opt/gcc-5.3.0-32/libexec/gcc/i686-pc-linux-gnu/5.3.0/collect2 -plugin /usr/local/opt/gcc-5.3.0-32/libexec/gcc/i686-pc-linux-gnu/5.3.0/liblto_plugin.so -plugin-opt=/usr/local/opt/gcc-5.3.0-32/libexec/gcc/i686-pc-linux-gnu/5.3.0/lto-wrapper -plugin-opt=-fresolution=/tmp/ccLxKUuF.res -plugin-opt=-pass-through=-lgcc -plugin-opt=-pass-through=-lgcc_s -plugin-opt=-pass-through=-lc -plugin-opt=-pass-through=-lgcc -plugin-opt=-pass-through=-lgcc_s --eh-frame-hdr -m elf_i386 -export-dynamic -dynamic-linker /lib/ld-linux.so.2 -o cmTC_28c64 /lib/crt1.o /lib/crti.o /usr/local/opt/gcc-5.3.0-32/lib/gcc/i686-pc-linux-gnu/5.3.0/crtbegin.o -L/usr/local/opt/gcc-5.3.0-32/lib/gcc/i686-pc-linux-gnu/5.3.0 -L/usr/local/opt/gcc-5.3.0-32/lib/gcc/i686-pc-linux-gnu/5.3.0/../../.. CMakeFiles/cmTC_28c64.dir/CMakeCCompilerABI.c.o -lgcc --as-needed -lgcc_s --no-as-needed -lc -lgcc --as-needed -lgcc_s --no-as-needed /usr/local/opt/gcc-5.3.0-32/lib/gcc/i686-pc-linux-gnu/5.3.0/crtend.o /lib/crtn.o]
    arg [/usr/local/opt/gcc-5.3.0-32/libexec/gcc/i686-pc-linux-gnu/5.3.0/collect2] ==> ignore
    arg [-plugin] ==> ignore
    arg [/usr/local/opt/gcc-5.3.0-32/libexec/gcc/i686-pc-linux-gnu/5.3.0/liblto_plugin.so] ==> ignore
    arg [-plugin-opt=/usr/local/opt/gcc-5.3.0-32/libexec/gcc/i686-pc-linux-gnu/5.3.0/lto-wrapper] ==> ignore
    arg [-plugin-opt=-fresolution=/tmp/ccLxKUuF.res] ==> ignore
    arg [-plugin-opt=-pass-through=-lgcc] ==> ignore
    arg [-plugin-opt=-pass-through=-lgcc_s] ==> ignore
    arg [-plugin-opt=-pass-through=-lc] ==> ignore
    arg [-plugin-opt=-pass-through=-lgcc] ==> ignore
    arg [-plugin-opt=-pass-through=-lgcc_s] ==> ignore
    arg [--eh-frame-hdr] ==> ignore
    arg [-m] ==> ignore
    arg [elf_i386] ==> ignore
    arg [-export-dynamic] ==> ignore
    arg [-dynamic-linker] ==> ignore
    arg [/lib/ld-linux.so.2] ==> ignore
    arg [-o] ==> ignore
    arg [cmTC_28c64] ==> ignore
    arg [/lib/crt1.o] ==> ignore
    arg [/lib/crti.o] ==> ignore
    arg [/usr/local/opt/gcc-5.3.0-32/lib/gcc/i686-pc-linux-gnu/5.3.0/crtbegin.o] ==> ignore
    arg [-L/usr/local/opt/gcc-5.3.0-32/lib/gcc/i686-pc-linux-gnu/5.3.0] ==> dir [/usr/local/opt/gcc-5.3.0-32/lib/gcc/i686-pc-linux-gnu/5.3.0]
    arg [-L/usr/local/opt/gcc-5.3.0-32/lib/gcc/i686-pc-linux-gnu/5.3.0/../../..] ==> dir [/usr/local/opt/gcc-5.3.0-32/lib/gcc/i686-pc-linux-gnu/5.3.0/../../..]
    arg [CMakeFiles/cmTC_28c64.dir/CMakeCCompilerABI.c.o] ==> ignore
    arg [-lgcc] ==> lib [gcc]
    arg [--as-needed] ==> ignore
    arg [-lgcc_s] ==> lib [gcc_s]
    arg [--no-as-needed] ==> ignore
    arg [-lc] ==> lib [c]
    arg [-lgcc] ==> lib [gcc]
    arg [--as-needed] ==> ignore
    arg [-lgcc_s] ==> lib [gcc_s]
    arg [--no-as-needed] ==> ignore
    arg [/usr/local/opt/gcc-5.3.0-32/lib/gcc/i686-pc-linux-gnu/5.3.0/crtend.o] ==> ignore
    arg [/lib/crtn.o] ==> ignore
  collapse library dir [/usr/local/opt/gcc-5.3.0-32/lib/gcc/i686-pc-linux-gnu/5.3.0] ==> [/usr/local/opt/gcc-5.3.0-32/lib/gcc/i686-pc-linux-gnu/5.3.0]
  collapse library dir [/usr/local/opt/gcc-5.3.0-32/lib/gcc/i686-pc-linux-gnu/5.3.0/../../..] ==> [/usr/local/opt/gcc-5.3.0-32/lib]
  implicit libs: [gcc;gcc_s;c;gcc;gcc_s]
  implicit dirs: [/usr/local/opt/gcc-5.3.0-32/lib/gcc/i686-pc-linux-gnu/5.3.0;/usr/local/opt/gcc-5.3.0-32/lib]
  implicit fwks: []




Detecting C [-std=c11] compiler features compiled with the following output:
Change Dir: /home/i72pehej/UNI_4/FSIV/PerezHernandezJulen_Assigment1/build/CMakeFiles/CMakeTmp

Run Build Command:"/usr/local/bin/gmake" "cmTC_87f99/fast"
/usr/local/bin/gmake -f CMakeFiles/cmTC_87f99.dir/build.make CMakeFiles/cmTC_87f99.dir/build
gmake[1]: se entra en el directorio '/home/i72pehej/UNI_4/FSIV/PerezHernandezJulen_Assigment1/build/CMakeFiles/CMakeTmp'
Building C object CMakeFiles/cmTC_87f99.dir/feature_tests.c.o
/usr/local/opt/gcc-5.3.0-32/bin/gcc   -std=c11 -o CMakeFiles/cmTC_87f99.dir/feature_tests.c.o   -c /home/i72pehej/UNI_4/FSIV/PerezHernandezJulen_Assigment1/build/CMakeFiles/feature_tests.c
Linking C executable cmTC_87f99
/usr/local/bin/cmake -E cmake_link_script CMakeFiles/cmTC_87f99.dir/link.txt --verbose=1
/usr/local/opt/gcc-5.3.0-32/bin/gcc      -rdynamic CMakeFiles/cmTC_87f99.dir/feature_tests.c.o  -o cmTC_87f99 
gmake[1]: se sale del directorio '/home/i72pehej/UNI_4/FSIV/PerezHernandezJulen_Assigment1/build/CMakeFiles/CMakeTmp'


    Feature record: C_FEATURE:1c_function_prototypes
    Feature record: C_FEATURE:1c_restrict
    Feature record: C_FEATURE:1c_static_assert
    Feature record: C_FEATURE:1c_variadic_macros


Detecting C [-std=c99] compiler features compiled with the following output:
Change Dir: /home/i72pehej/UNI_4/FSIV/PerezHernandezJulen_Assigment1/build/CMakeFiles/CMakeTmp

Run Build Command:"/usr/local/bin/gmake" "cmTC_44405/fast"
/usr/local/bin/gmake -f CMakeFiles/cmTC_44405.dir/build.make CMakeFiles/cmTC_44405.dir/build
gmake[1]: se entra en el directorio '/home/i72pehej/UNI_4/FSIV/PerezHernandezJulen_Assigment1/build/CMakeFiles/CMakeTmp'
Building C object CMakeFiles/cmTC_44405.dir/feature_tests.c.o
/usr/local/opt/gcc-5.3.0-32/bin/gcc   -std=c99 -o CMakeFiles/cmTC_44405.dir/feature_tests.c.o   -c /home/i72pehej/UNI_4/FSIV/PerezHernandezJulen_Assigment1/build/CMakeFiles/feature_tests.c
Linking C executable cmTC_44405
/usr/local/bin/cmake -E cmake_link_script CMakeFiles/cmTC_44405.dir/link.txt --verbose=1
/usr/local/opt/gcc-5.3.0-32/bin/gcc      -rdynamic CMakeFiles/cmTC_44405.dir/feature_tests.c.o  -o cmTC_44405 
gmake[1]: se sale del directorio '/home/i72pehej/UNI_4/FSIV/PerezHernandezJulen_Assigment1/build/CMakeFiles/CMakeTmp'


    Feature record: C_FEATURE:1c_function_prototypes
    Feature record: C_FEATURE:1c_restrict
    Feature record: C_FEATURE:0c_static_assert
    Feature record: C_FEATURE:1c_variadic_macros


Detecting C [-std=c90] compiler features compiled with the following output:
Change Dir: /home/i72pehej/UNI_4/FSIV/PerezHernandezJulen_Assigment1/build/CMakeFiles/CMakeTmp

Run Build Command:"/usr/local/bin/gmake" "cmTC_27f8c/fast"
/usr/local/bin/gmake -f CMakeFiles/cmTC_27f8c.dir/build.make CMakeFiles/cmTC_27f8c.dir/build
gmake[1]: se entra en el directorio '/home/i72pehej/UNI_4/FSIV/PerezHernandezJulen_Assigment1/build/CMakeFiles/CMakeTmp'
Building C object CMakeFiles/cmTC_27f8c.dir/feature_tests.c.o
/usr/local/opt/gcc-5.3.0-32/bin/gcc   -std=c90 -o CMakeFiles/cmTC_27f8c.dir/feature_tests.c.o   -c /home/i72pehej/UNI_4/FSIV/PerezHernandezJulen_Assigment1/build/CMakeFiles/feature_tests.c
Linking C executable cmTC_27f8c
/usr/local/bin/cmake -E cmake_link_script CMakeFiles/cmTC_27f8c.dir/link.txt --verbose=1
/usr/local/opt/gcc-5.3.0-32/bin/gcc      -rdynamic CMakeFiles/cmTC_27f8c.dir/feature_tests.c.o  -o cmTC_27f8c 
gmake[1]: se sale del directorio '/home/i72pehej/UNI_4/FSIV/PerezHernandezJulen_Assigment1/build/CMakeFiles/CMakeTmp'


    Feature record: C_FEATURE:1c_function_prototypes
    Feature record: C_FEATURE:0c_restrict
    Feature record: C_FEATURE:0c_static_assert
    Feature record: C_FEATURE:0c_variadic_macros
Determining if the CXX compiler works passed with the following output:
Change Dir: /home/i72pehej/UNI_4/FSIV/PerezHernandezJulen_Assigment1/build/CMakeFiles/CMakeTmp

Run Build Command:"/usr/local/bin/gmake" "cmTC_96be2/fast"
/usr/local/bin/gmake -f CMakeFiles/cmTC_96be2.dir/build.make CMakeFiles/cmTC_96be2.dir/build
gmake[1]: se entra en el directorio '/home/i72pehej/UNI_4/FSIV/PerezHernandezJulen_Assigment1/build/CMakeFiles/CMakeTmp'
Building CXX object CMakeFiles/cmTC_96be2.dir/testCXXCompiler.cxx.o
/usr/local/opt/gcc-5.3.0-32/bin/c++     -o CMakeFiles/cmTC_96be2.dir/testCXXCompiler.cxx.o -c /home/i72pehej/UNI_4/FSIV/PerezHernandezJulen_Assigment1/build/CMakeFiles/CMakeTmp/testCXXCompiler.cxx
Linking CXX executable cmTC_96be2
/usr/local/bin/cmake -E cmake_link_script CMakeFiles/cmTC_96be2.dir/link.txt --verbose=1
/usr/local/opt/gcc-5.3.0-32/bin/c++       -rdynamic CMakeFiles/cmTC_96be2.dir/testCXXCompiler.cxx.o  -o cmTC_96be2 
gmake[1]: se sale del directorio '/home/i72pehej/UNI_4/FSIV/PerezHernandezJulen_Assigment1/build/CMakeFiles/CMakeTmp'


Detecting CXX compiler ABI info compiled with the following output:
Change Dir: /home/i72pehej/UNI_4/FSIV/PerezHernandezJulen_Assigment1/build/CMakeFiles/CMakeTmp

Run Build Command:"/usr/local/bin/gmake" "cmTC_5473d/fast"
/usr/local/bin/gmake -f CMakeFiles/cmTC_5473d.dir/build.make CMakeFiles/cmTC_5473d.dir/build
gmake[1]: se entra en el directorio '/home/i72pehej/UNI_4/FSIV/PerezHernandezJulen_Assigment1/build/CMakeFiles/CMakeTmp'
Building CXX object CMakeFiles/cmTC_5473d.dir/CMakeCXXCompilerABI.cpp.o
/usr/local/opt/gcc-5.3.0-32/bin/c++     -o CMakeFiles/cmTC_5473d.dir/CMakeCXXCompilerABI.cpp.o -c /usr/local/share/cmake-3.13/Modules/CMakeCXXCompilerABI.cpp
Linking CXX executable cmTC_5473d
/usr/local/bin/cmake -E cmake_link_script CMakeFiles/cmTC_5473d.dir/link.txt --verbose=1
/usr/local/opt/gcc-5.3.0-32/bin/c++      -v -rdynamic CMakeFiles/cmTC_5473d.dir/CMakeCXXCompilerABI.cpp.o  -o cmTC_5473d 
Usando especificaciones internas.
COLLECT_GCC=/usr/local/opt/gcc-5.3.0-32/bin/c++
COLLECT_LTO_WRAPPER=/usr/local/opt/gcc-5.3.0-32/libexec/gcc/i686-pc-linux-gnu/5.3.0/lto-wrapper
Objetivo: i686-pc-linux-gnu
Configurado con: ../gcc-5.3.0/configure --prefix=/usr/local/opt/gcc-5.3.0-32 --x-includes=/usr/local/X11R7/include --x-libraries=/usr/local/X11R7/lib --enable-tls --enable-languages=c,c++ --disable-multilib --disable-bootstrap --host=i686-pc-linux-gnu --build=i686-pc-linux-gnu : (reconfigured) ../gcc-5.3.0/configure --prefix=/usr/local/opt/gcc-5.3.0-32 --x-includes=/usr/local/X11R7/include --x-libraries=/usr/local/X11R7/lib --enable-tls --enable-languages=c,c++,fortran,java --disable-multilib --disable-bootstrap --host=i686-pc-linux-gnu --build=i686-pc-linux-gnu
Modelo de hilos: posix
gcc versión 5.3.0 (GCC) 
COMPILER_PATH=/usr/local/opt/gcc-5.3.0-32/libexec/gcc/i686-pc-linux-gnu/5.3.0/:/usr/local/opt/gcc-5.3.0-32/libexec/gcc/i686-pc-linux-gnu/5.3.0/:/usr/local/opt/gcc-5.3.0-32/libexec/gcc/i686-pc-linux-gnu/:/usr/local/opt/gcc-5.3.0-32/lib/gcc/i686-pc-linux-gnu/5.3.0/:/usr/local/opt/gcc-5.3.0-32/lib/gcc/i686-pc-linux-gnu/
LIBRARY_PATH=/usr/local/opt/gcc-5.3.0-32/lib/gcc/i686-pc-linux-gnu/5.3.0/:/usr/local/opt/gcc-5.3.0-32/lib/gcc/i686-pc-linux-gnu/5.3.0/../../../:/lib/:/usr/lib/
COLLECT_GCC_OPTIONS='-v' '-rdynamic' '-o' 'cmTC_5473d' '-shared-libgcc' '-mtune=generic' '-march=pentiumpro'
 /usr/local/opt/gcc-5.3.0-32/libexec/gcc/i686-pc-linux-gnu/5.3.0/collect2 -plugin /usr/local/opt/gcc-5.3.0-32/libexec/gcc/i686-pc-linux-gnu/5.3.0/liblto_plugin.so -plugin-opt=/usr/local/opt/gcc-5.3.0-32/libexec/gcc/i686-pc-linux-gnu/5.3.0/lto-wrapper -plugin-opt=-fresolution=/tmp/ccB8xeWi.res -plugin-opt=-pass-through=-lgcc_s -plugin-opt=-pass-through=-lgcc -plugin-opt=-pass-through=-lc -plugin-opt=-pass-through=-lgcc_s -plugin-opt=-pass-through=-lgcc --eh-frame-hdr -m elf_i386 -export-dynamic -dynamic-linker /lib/ld-linux.so.2 -o cmTC_5473d /lib/crt1.o /lib/crti.o /usr/local/opt/gcc-5.3.0-32/lib/gcc/i686-pc-linux-gnu/5.3.0/crtbegin.o -L/usr/local/opt/gcc-5.3.0-32/lib/gcc/i686-pc-linux-gnu/5.3.0 -L/usr/local/opt/gcc-5.3.0-32/lib/gcc/i686-pc-linux-gnu/5.3.0/../../.. CMakeFiles/cmTC_5473d.dir/CMakeCXXCompilerABI.cpp.o -lstdc++ -lm -lgcc_s -lgcc -lc -lgcc_s -lgcc /usr/local/opt/gcc-5.3.0-32/lib/gcc/i686-pc-linux-gnu/5.3.0/crtend.o /lib/crtn.o
gmake[1]: se sale del directorio '/home/i72pehej/UNI_4/FSIV/PerezHernandezJulen_Assigment1/build/CMakeFiles/CMakeTmp'


Parsed CXX implicit link information from above output:
  link line regex: [^( *|.*[/\])(ld|CMAKE_LINK_STARTFILE-NOTFOUND|([^/\]+-)?ld|collect2)[^/\]*( |$)]
  ignore line: [Change Dir: /home/i72pehej/UNI_4/FSIV/PerezHernandezJulen_Assigment1/build/CMakeFiles/CMakeTmp]
  ignore line: []
  ignore line: [Run Build Command:"/usr/local/bin/gmake" "cmTC_5473d/fast"]
  ignore line: [/usr/local/bin/gmake -f CMakeFiles/cmTC_5473d.dir/build.make CMakeFiles/cmTC_5473d.dir/build]
  ignore line: [gmake[1]: se entra en el directorio '/home/i72pehej/UNI_4/FSIV/PerezHernandezJulen_Assigment1/build/CMakeFiles/CMakeTmp']
  ignore line: [Building CXX object CMakeFiles/cmTC_5473d.dir/CMakeCXXCompilerABI.cpp.o]
  ignore line: [/usr/local/opt/gcc-5.3.0-32/bin/c++     -o CMakeFiles/cmTC_5473d.dir/CMakeCXXCompilerABI.cpp.o -c /usr/local/share/cmake-3.13/Modules/CMakeCXXCompilerABI.cpp]
  ignore line: [Linking CXX executable cmTC_5473d]
  ignore line: [/usr/local/bin/cmake -E cmake_link_script CMakeFiles/cmTC_5473d.dir/link.txt --verbose=1]
  ignore line: [/usr/local/opt/gcc-5.3.0-32/bin/c++      -v -rdynamic CMakeFiles/cmTC_5473d.dir/CMakeCXXCompilerABI.cpp.o  -o cmTC_5473d ]
  ignore line: [Usando especificaciones internas.]
  ignore line: [COLLECT_GCC=/usr/local/opt/gcc-5.3.0-32/bin/c++]
  ignore line: [COLLECT_LTO_WRAPPER=/usr/local/opt/gcc-5.3.0-32/libexec/gcc/i686-pc-linux-gnu/5.3.0/lto-wrapper]
  ignore line: [Objetivo: i686-pc-linux-gnu]
  ignore line: [Configurado con: ../gcc-5.3.0/configure --prefix=/usr/local/opt/gcc-5.3.0-32 --x-includes=/usr/local/X11R7/include --x-libraries=/usr/local/X11R7/lib --enable-tls --enable-languages=c,c++ --disable-multilib --disable-bootstrap --host=i686-pc-linux-gnu --build=i686-pc-linux-gnu : (reconfigured) ../gcc-5.3.0/configure --prefix=/usr/local/opt/gcc-5.3.0-32 --x-includes=/usr/local/X11R7/include --x-libraries=/usr/local/X11R7/lib --enable-tls --enable-languages=c,c++,fortran,java --disable-multilib --disable-bootstrap --host=i686-pc-linux-gnu --build=i686-pc-linux-gnu]
  ignore line: [Modelo de hilos: posix]
  ignore line: [gcc versión 5.3.0 (GCC) ]
  ignore line: [COMPILER_PATH=/usr/local/opt/gcc-5.3.0-32/libexec/gcc/i686-pc-linux-gnu/5.3.0/:/usr/local/opt/gcc-5.3.0-32/libexec/gcc/i686-pc-linux-gnu/5.3.0/:/usr/local/opt/gcc-5.3.0-32/libexec/gcc/i686-pc-linux-gnu/:/usr/local/opt/gcc-5.3.0-32/lib/gcc/i686-pc-linux-gnu/5.3.0/:/usr/local/opt/gcc-5.3.0-32/lib/gcc/i686-pc-linux-gnu/]
  ignore line: [LIBRARY_PATH=/usr/local/opt/gcc-5.3.0-32/lib/gcc/i686-pc-linux-gnu/5.3.0/:/usr/local/opt/gcc-5.3.0-32/lib/gcc/i686-pc-linux-gnu/5.3.0/../../../:/lib/:/usr/lib/]
  ignore line: [COLLECT_GCC_OPTIONS='-v' '-rdynamic' '-o' 'cmTC_5473d' '-shared-libgcc' '-mtune=generic' '-march=pentiumpro']
  link line: [ /usr/local/opt/gcc-5.3.0-32/libexec/gcc/i686-pc-linux-gnu/5.3.0/collect2 -plugin /usr/local/opt/gcc-5.3.0-32/libexec/gcc/i686-pc-linux-gnu/5.3.0/liblto_plugin.so -plugin-opt=/usr/local/opt/gcc-5.3.0-32/libexec/gcc/i686-pc-linux-gnu/5.3.0/lto-wrapper -plugin-opt=-fresolution=/tmp/ccB8xeWi.res -plugin-opt=-pass-through=-lgcc_s -plugin-opt=-pass-through=-lgcc -plugin-opt=-pass-through=-lc -plugin-opt=-pass-through=-lgcc_s -plugin-opt=-pass-through=-lgcc --eh-frame-hdr -m elf_i386 -export-dynamic -dynamic-linker /lib/ld-linux.so.2 -o cmTC_5473d /lib/crt1.o /lib/crti.o /usr/local/opt/gcc-5.3.0-32/lib/gcc/i686-pc-linux-gnu/5.3.0/crtbegin.o -L/usr/local/opt/gcc-5.3.0-32/lib/gcc/i686-pc-linux-gnu/5.3.0 -L/usr/local/opt/gcc-5.3.0-32/lib/gcc/i686-pc-linux-gnu/5.3.0/../../.. CMakeFiles/cmTC_5473d.dir/CMakeCXXCompilerABI.cpp.o -lstdc++ -lm -lgcc_s -lgcc -lc -lgcc_s -lgcc /usr/local/opt/gcc-5.3.0-32/lib/gcc/i686-pc-linux-gnu/5.3.0/crtend.o /lib/crtn.o]
    arg [/usr/local/opt/gcc-5.3.0-32/libexec/gcc/i686-pc-linux-gnu/5.3.0/collect2] ==> ignore
    arg [-plugin] ==> ignore
    arg [/usr/local/opt/gcc-5.3.0-32/libexec/gcc/i686-pc-linux-gnu/5.3.0/liblto_plugin.so] ==> ignore
    arg [-plugin-opt=/usr/local/opt/gcc-5.3.0-32/libexec/gcc/i686-pc-linux-gnu/5.3.0/lto-wrapper] ==> ignore
    arg [-plugin-opt=-fresolution=/tmp/ccB8xeWi.res] ==> ignore
    arg [-plugin-opt=-pass-through=-lgcc_s] ==> ignore
    arg [-plugin-opt=-pass-through=-lgcc] ==> ignore
    arg [-plugin-opt=-pass-through=-lc] ==> ignore
    arg [-plugin-opt=-pass-through=-lgcc_s] ==> ignore
    arg [-plugin-opt=-pass-through=-lgcc] ==> ignore
    arg [--eh-frame-hdr] ==> ignore
    arg [-m] ==> ignore
    arg [elf_i386] ==> ignore
    arg [-export-dynamic] ==> ignore
    arg [-dynamic-linker] ==> ignore
    arg [/lib/ld-linux.so.2] ==> ignore
    arg [-o] ==> ignore
    arg [cmTC_5473d] ==> ignore
    arg [/lib/crt1.o] ==> ignore
    arg [/lib/crti.o] ==> ignore
    arg [/usr/local/opt/gcc-5.3.0-32/lib/gcc/i686-pc-linux-gnu/5.3.0/crtbegin.o] ==> ignore
    arg [-L/usr/local/opt/gcc-5.3.0-32/lib/gcc/i686-pc-linux-gnu/5.3.0] ==> dir [/usr/local/opt/gcc-5.3.0-32/lib/gcc/i686-pc-linux-gnu/5.3.0]
    arg [-L/usr/local/opt/gcc-5.3.0-32/lib/gcc/i686-pc-linux-gnu/5.3.0/../../..] ==> dir [/usr/local/opt/gcc-5.3.0-32/lib/gcc/i686-pc-linux-gnu/5.3.0/../../..]
    arg [CMakeFiles/cmTC_5473d.dir/CMakeCXXCompilerABI.cpp.o] ==> ignore
    arg [-lstdc++] ==> lib [stdc++]
    arg [-lm] ==> lib [m]
    arg [-lgcc_s] ==> lib [gcc_s]
    arg [-lgcc] ==> lib [gcc]
    arg [-lc] ==> lib [c]
    arg [-lgcc_s] ==> lib [gcc_s]
    arg [-lgcc] ==> lib [gcc]
    arg [/usr/local/opt/gcc-5.3.0-32/lib/gcc/i686-pc-linux-gnu/5.3.0/crtend.o] ==> ignore
    arg [/lib/crtn.o] ==> ignore
  collapse library dir [/usr/local/opt/gcc-5.3.0-32/lib/gcc/i686-pc-linux-gnu/5.3.0] ==> [/usr/local/opt/gcc-5.3.0-32/lib/gcc/i686-pc-linux-gnu/5.3.0]
  collapse library dir [/usr/local/opt/gcc-5.3.0-32/lib/gcc/i686-pc-linux-gnu/5.3.0/../../..] ==> [/usr/local/opt/gcc-5.3.0-32/lib]
  implicit libs: [stdc++;m;gcc_s;gcc;c;gcc_s;gcc]
  implicit dirs: [/usr/local/opt/gcc-5.3.0-32/lib/gcc/i686-pc-linux-gnu/5.3.0;/usr/local/opt/gcc-5.3.0-32/lib]
  implicit fwks: []




Detecting CXX [-std=c++1z] compiler features compiled with the following output:
Change Dir: /home/i72pehej/UNI_4/FSIV/PerezHernandezJulen_Assigment1/build/CMakeFiles/CMakeTmp

Run Build Command:"/usr/local/bin/gmake" "cmTC_fb1e3/fast"
/usr/local/bin/gmake -f CMakeFiles/cmTC_fb1e3.dir/build.make CMakeFiles/cmTC_fb1e3.dir/build
gmake[1]: se entra en el directorio '/home/i72pehej/UNI_4/FSIV/PerezHernandezJulen_Assigment1/build/CMakeFiles/CMakeTmp'
Building CXX object CMakeFiles/cmTC_fb1e3.dir/feature_tests.cxx.o
/usr/local/opt/gcc-5.3.0-32/bin/c++    -std=c++1z -o CMakeFiles/cmTC_fb1e3.dir/feature_tests.cxx.o -c /home/i72pehej/UNI_4/FSIV/PerezHernandezJulen_Assigment1/build/CMakeFiles/feature_tests.cxx
Linking CXX executable cmTC_fb1e3
/usr/local/bin/cmake -E cmake_link_script CMakeFiles/cmTC_fb1e3.dir/link.txt --verbose=1
/usr/local/opt/gcc-5.3.0-32/bin/c++       -rdynamic CMakeFiles/cmTC_fb1e3.dir/feature_tests.cxx.o  -o cmTC_fb1e3 
gmake[1]: se sale del directorio '/home/i72pehej/UNI_4/FSIV/PerezHernandezJulen_Assigment1/build/CMakeFiles/CMakeTmp'


    Feature record: CXX_FEATURE:1cxx_aggregate_default_initializers
    Feature record: CXX_FEATURE:1cxx_alias_templates
    Feature record: CXX_FEATURE:1cxx_alignas
    Feature record: CXX_FEATURE:1cxx_alignof
    Feature record: CXX_FEATURE:1cxx_attributes
    Feature record: CXX_FEATURE:1cxx_attribute_deprecated
    Feature record: CXX_FEATURE:1cxx_auto_type
    Feature record: CXX_FEATURE:1cxx_binary_literals
    Feature record: CXX_FEATURE:1cxx_constexpr
    Feature record: CXX_FEATURE:1cxx_contextual_conversions
    Feature record: CXX_FEATURE:1cxx_decltype
    Feature record: CXX_FEATURE:1cxx_decltype_auto
    Feature record: CXX_FEATURE:1cxx_decltype_incomplete_return_types
    Feature record: CXX_FEATURE:1cxx_default_function_template_args
    Feature record: CXX_FEATURE:1cxx_defaulted_functions
    Feature record: CXX_FEATURE:1cxx_defaulted_move_initializers
    Feature record: CXX_FEATURE:1cxx_delegating_constructors
    Feature record: CXX_FEATURE:1cxx_deleted_functions
    Feature record: CXX_FEATURE:1cxx_digit_separators
    Feature record: CXX_FEATURE:1cxx_enum_forward_declarations
    Feature record: CXX_FEATURE:1cxx_explicit_conversions
    Feature record: CXX_FEATURE:1cxx_extended_friend_declarations
    Feature record: CXX_FEATURE:1cxx_extern_templates
    Feature record: CXX_FEATURE:1cxx_final
    Feature record: CXX_FEATURE:1cxx_func_identifier
    Feature record: CXX_FEATURE:1cxx_generalized_initializers
    Feature record: CXX_FEATURE:1cxx_generic_lambdas
    Feature record: CXX_FEATURE:1cxx_inheriting_constructors
    Feature record: CXX_FEATURE:1cxx_inline_namespaces
    Feature record: CXX_FEATURE:1cxx_lambdas
    Feature record: CXX_FEATURE:1cxx_lambda_init_captures
    Feature record: CXX_FEATURE:1cxx_local_type_template_args
    Feature record: CXX_FEATURE:1cxx_long_long_type
    Feature record: CXX_FEATURE:1cxx_noexcept
    Feature record: CXX_FEATURE:1cxx_nonstatic_member_init
    Feature record: CXX_FEATURE:1cxx_nullptr
    Feature record: CXX_FEATURE:1cxx_override
    Feature record: CXX_FEATURE:1cxx_range_for
    Feature record: CXX_FEATURE:1cxx_raw_string_literals
    Feature record: CXX_FEATURE:1cxx_reference_qualified_functions
    Feature record: CXX_FEATURE:1cxx_relaxed_constexpr
    Feature record: CXX_FEATURE:1cxx_return_type_deduction
    Feature record: CXX_FEATURE:1cxx_right_angle_brackets
    Feature record: CXX_FEATURE:1cxx_rvalue_references
    Feature record: CXX_FEATURE:1cxx_sizeof_member
    Feature record: CXX_FEATURE:1cxx_static_assert
    Feature record: CXX_FEATURE:1cxx_strong_enums
    Feature record: CXX_FEATURE:1cxx_template_template_parameters
    Feature record: CXX_FEATURE:1cxx_thread_local
    Feature record: CXX_FEATURE:1cxx_trailing_return_types
    Feature record: CXX_FEATURE:1cxx_unicode_literals
    Feature record: CXX_FEATURE:1cxx_uniform_initialization
    Feature record: CXX_FEATURE:1cxx_unrestricted_unions
    Feature record: CXX_FEATURE:1cxx_user_literals
    Feature record: CXX_FEATURE:1cxx_variable_templates
    Feature record: CXX_FEATURE:1cxx_variadic_macros
    Feature record: CXX_FEATURE:1cxx_variadic_templates


Detecting CXX [-std=c++14] compiler features compiled with the following output:
Change Dir: /home/i72pehej/UNI_4/FSIV/PerezHernandezJulen_Assigment1/build/CMakeFiles/CMakeTmp

Run Build Command:"/usr/local/bin/gmake" "cmTC_ab8e3/fast"
/usr/local/bin/gmake -f CMakeFiles/cmTC_ab8e3.dir/build.make CMakeFiles/cmTC_ab8e3.dir/build
gmake[1]: se entra en el directorio '/home/i72pehej/UNI_4/FSIV/PerezHernandezJulen_Assigment1/build/CMakeFiles/CMakeTmp'
Building CXX object CMakeFiles/cmTC_ab8e3.dir/feature_tests.cxx.o
/usr/local/opt/gcc-5.3.0-32/bin/c++    -std=c++14 -o CMakeFiles/cmTC_ab8e3.dir/feature_tests.cxx.o -c /home/i72pehej/UNI_4/FSIV/PerezHernandezJulen_Assigment1/build/CMakeFiles/feature_tests.cxx
Linking CXX executable cmTC_ab8e3
/usr/local/bin/cmake -E cmake_link_script CMakeFiles/cmTC_ab8e3.dir/link.txt --verbose=1
/usr/local/opt/gcc-5.3.0-32/bin/c++       -rdynamic CMakeFiles/cmTC_ab8e3.dir/feature_tests.cxx.o  -o cmTC_ab8e3 
gmake[1]: se sale del directorio '/home/i72pehej/UNI_4/FSIV/PerezHernandezJulen_Assigment1/build/CMakeFiles/CMakeTmp'


    Feature record: CXX_FEATURE:1cxx_aggregate_default_initializers
    Feature record: CXX_FEATURE:1cxx_alias_templates
    Feature record: CXX_FEATURE:1cxx_alignas
    Feature record: CXX_FEATURE:1cxx_alignof
    Feature record: CXX_FEATURE:1cxx_attributes
    Feature record: CXX_FEATURE:1cxx_attribute_deprecated
    Feature record: CXX_FEATURE:1cxx_auto_type
    Feature record: CXX_FEATURE:1cxx_binary_literals
    Feature record: CXX_FEATURE:1cxx_constexpr
    Feature record: CXX_FEATURE:1cxx_contextual_conversions
    Feature record: CXX_FEATURE:1cxx_decltype
    Feature record: CXX_FEATURE:1cxx_decltype_auto
    Feature record: CXX_FEATURE:1cxx_decltype_incomplete_return_types
    Feature record: CXX_FEATURE:1cxx_default_function_template_args
    Feature record: CXX_FEATURE:1cxx_defaulted_functions
    Feature record: CXX_FEATURE:1cxx_defaulted_move_initializers
    Feature record: CXX_FEATURE:1cxx_delegating_constructors
    Feature record: CXX_FEATURE:1cxx_deleted_functions
    Feature record: CXX_FEATURE:1cxx_digit_separators
    Feature record: CXX_FEATURE:1cxx_enum_forward_declarations
    Feature record: CXX_FEATURE:1cxx_explicit_conversions
    Feature record: CXX_FEATURE:1cxx_extended_friend_declarations
    Feature record: CXX_FEATURE:1cxx_extern_templates
    Feature record: CXX_FEATURE:1cxx_final
    Feature record: CXX_FEATURE:1cxx_func_identifier
    Feature record: CXX_FEATURE:1cxx_generalized_initializers
    Feature record: CXX_FEATURE:1cxx_generic_lambdas
    Feature record: CXX_FEATURE:1cxx_inheriting_constructors
    Feature record: CXX_FEATURE:1cxx_inline_namespaces
    Feature record: CXX_FEATURE:1cxx_lambdas
    Feature record: CXX_FEATURE:1cxx_lambda_init_captures
    Feature record: CXX_FEATURE:1cxx_local_type_template_args
    Feature record: CXX_FEATURE:1cxx_long_long_type
    Feature record: CXX_FEATURE:1cxx_noexcept
    Feature record: CXX_FEATURE:1cxx_nonstatic_member_init
    Feature record: CXX_FEATURE:1cxx_nullptr
    Feature record: CXX_FEATURE:1cxx_override
    Feature record: CXX_FEATURE:1cxx_range_for
    Feature record: CXX_FEATURE:1cxx_raw_string_literals
    Feature record: CXX_FEATURE:1cxx_reference_qualified_functions
    Feature record: CXX_FEATURE:1cxx_relaxed_constexpr
    Feature record: CXX_FEATURE:1cxx_return_type_deduction
    Feature record: CXX_FEATURE:1cxx_right_angle_brackets
    Feature record: CXX_FEATURE:1cxx_rvalue_references
    Feature record: CXX_FEATURE:1cxx_sizeof_member
    Feature record: CXX_FEATURE:1cxx_static_assert
    Feature record: CXX_FEATURE:1cxx_strong_enums
    Feature record: CXX_FEATURE:1cxx_template_template_parameters
    Feature record: CXX_FEATURE:1cxx_thread_local
    Feature record: CXX_FEATURE:1cxx_trailing_return_types
    Feature record: CXX_FEATURE:1cxx_unicode_literals
    Feature record: CXX_FEATURE:1cxx_uniform_initialization
    Feature record: CXX_FEATURE:1cxx_unrestricted_unions
    Feature record: CXX_FEATURE:1cxx_user_literals
    Feature record: CXX_FEATURE:1cxx_variable_templates
    Feature record: CXX_FEATURE:1cxx_variadic_macros
    Feature record: CXX_FEATURE:1cxx_variadic_templates


Detecting CXX [-std=c++11] compiler features compiled with the following output:
Change Dir: /home/i72pehej/UNI_4/FSIV/PerezHernandezJulen_Assigment1/build/CMakeFiles/CMakeTmp

Run Build Command:"/usr/local/bin/gmake" "cmTC_d01c9/fast"
/usr/local/bin/gmake -f CMakeFiles/cmTC_d01c9.dir/build.make CMakeFiles/cmTC_d01c9.dir/build
gmake[1]: se entra en el directorio '/home/i72pehej/UNI_4/FSIV/PerezHernandezJulen_Assigment1/build/CMakeFiles/CMakeTmp'
Building CXX object CMakeFiles/cmTC_d01c9.dir/feature_tests.cxx.o
/usr/local/opt/gcc-5.3.0-32/bin/c++    -std=c++11 -o CMakeFiles/cmTC_d01c9.dir/feature_tests.cxx.o -c /home/i72pehej/UNI_4/FSIV/PerezHernandezJulen_Assigment1/build/CMakeFiles/feature_tests.cxx
Linking CXX executable cmTC_d01c9
/usr/local/bin/cmake -E cmake_link_script CMakeFiles/cmTC_d01c9.dir/link.txt --verbose=1
/usr/local/opt/gcc-5.3.0-32/bin/c++       -rdynamic CMakeFiles/cmTC_d01c9.dir/feature_tests.cxx.o  -o cmTC_d01c9 
gmake[1]: se sale del directorio '/home/i72pehej/UNI_4/FSIV/PerezHernandezJulen_Assigment1/build/CMakeFiles/CMakeTmp'


    Feature record: CXX_FEATURE:0cxx_aggregate_default_initializers
    Feature record: CXX_FEATURE:1cxx_alias_templates
    Feature record: CXX_FEATURE:1cxx_alignas
    Feature record: CXX_FEATURE:1cxx_alignof
    Feature record: CXX_FEATURE:1cxx_attributes
    Feature record: CXX_FEATURE:0cxx_attribute_deprecated
    Feature record: CXX_FEATURE:1cxx_auto_type
    Feature record: CXX_FEATURE:0cxx_binary_literals
    Feature record: CXX_FEATURE:1cxx_constexpr
    Feature record: CXX_FEATURE:0cxx_contextual_conversions
    Feature record: CXX_FEATURE:1cxx_decltype
    Feature record: CXX_FEATURE:0cxx_decltype_auto
    Feature record: CXX_FEATURE:1cxx_decltype_incomplete_return_types
    Feature record: CXX_FEATURE:1cxx_default_function_template_args
    Feature record: CXX_FEATURE:1cxx_defaulted_functions
    Feature record: CXX_FEATURE:1cxx_defaulted_move_initializers
    Feature record: CXX_FEATURE:1cxx_delegating_constructors
    Feature record: CXX_FEATURE:1cxx_deleted_functions
    Feature record: CXX_FEATURE:0cxx_digit_separators
    Feature record: CXX_FEATURE:1cxx_enum_forward_declarations
    Feature record: CXX_FEATURE:1cxx_explicit_conversions
    Feature record: CXX_FEATURE:1cxx_extended_friend_declarations
    Feature record: CXX_FEATURE:1cxx_extern_templates
    Feature record: CXX_FEATURE:1cxx_final
    Feature record: CXX_FEATURE:1cxx_func_identifier
    Feature record: CXX_FEATURE:1cxx_generalized_initializers
    Feature record: CXX_FEATURE:0cxx_generic_lambdas
    Feature record: CXX_FEATURE:1cxx_inheriting_constructors
    Feature record: CXX_FEATURE:1cxx_inline_namespaces
    Feature record: CXX_FEATURE:1cxx_lambdas
    Feature record: CXX_FEATURE:0cxx_lambda_init_captures
    Feature record: CXX_FEATURE:1cxx_local_type_template_args
    Feature record: CXX_FEATURE:1cxx_long_long_type
    Feature record: CXX_FEATURE:1cxx_noexcept
    Feature record: CXX_FEATURE:1cxx_nonstatic_member_init
    Feature record: CXX_FEATURE:1cxx_nullptr
    Feature record: CXX_FEATURE:1cxx_override
    Feature record: CXX_FEATURE:1cxx_range_for
    Feature record: CXX_FEATURE:1cxx_raw_string_literals
    Feature record: CXX_FEATURE:1cxx_reference_qualified_functions
    Feature record: CXX_FEATURE:0cxx_relaxed_constexpr
    Feature record: CXX_FEATURE:0cxx_return_type_deduction
    Feature record: CXX_FEATURE:1cxx_right_angle_brackets
    Feature record: CXX_FEATURE:1cxx_rvalue_references
    Feature record: CXX_FEATURE:1cxx_sizeof_member
    Feature record: CXX_FEATURE:1cxx_static_assert
    Feature record: CXX_FEATURE:1cxx_strong_enums
    Feature record: CXX_FEATURE:1cxx_template_template_parameters
    Feature record: CXX_FEATURE:1cxx_thread_local
    Feature record: CXX_FEATURE:1cxx_trailing_return_types
    Feature record: CXX_FEATURE:1cxx_unicode_literals
    Feature record: CXX_FEATURE:1cxx_uniform_initialization
    Feature record: CXX_FEATURE:1cxx_unrestricted_unions
    Feature record: CXX_FEATURE:1cxx_user_literals
    Feature record: CXX_FEATURE:0cxx_variable_templates
    Feature record: CXX_FEATURE:1cxx_variadic_macros
    Feature record: CXX_FEATURE:1cxx_variadic_templates


Detecting CXX [-std=c++98] compiler features compiled with the following output:
Change Dir: /home/i72pehej/UNI_4/FSIV/PerezHernandezJulen_Assigment1/build/CMakeFiles/CMakeTmp

Run Build Command:"/usr/local/bin/gmake" "cmTC_bc160/fast"
/usr/local/bin/gmake -f CMakeFiles/cmTC_bc160.dir/build.make CMakeFiles/cmTC_bc160.dir/build
gmake[1]: se entra en el directorio '/home/i72pehej/UNI_4/FSIV/PerezHernandezJulen_Assigment1/build/CMakeFiles/CMakeTmp'
Building CXX object CMakeFiles/cmTC_bc160.dir/feature_tests.cxx.o
/usr/local/opt/gcc-5.3.0-32/bin/c++    -std=c++98 -o CMakeFiles/cmTC_bc160.dir/feature_tests.cxx.o -c /home/i72pehej/UNI_4/FSIV/PerezHernandezJulen_Assigment1/build/CMakeFiles/feature_tests.cxx
Linking CXX executable cmTC_bc160
/usr/local/bin/cmake -E cmake_link_script CMakeFiles/cmTC_bc160.dir/link.txt --verbose=1
/usr/local/opt/gcc-5.3.0-32/bin/c++       -rdynamic CMakeFiles/cmTC_bc160.dir/feature_tests.cxx.o  -o cmTC_bc160 
gmake[1]: se sale del directorio '/home/i72pehej/UNI_4/FSIV/PerezHernandezJulen_Assigment1/build/CMakeFiles/CMakeTmp'


    Feature record: CXX_FEATURE:0cxx_aggregate_default_initializers
    Feature record: CXX_FEATURE:0cxx_alias_templates
    Feature record: CXX_FEATURE:0cxx_alignas
    Feature record: CXX_FEATURE:0cxx_alignof
    Feature record: CXX_FEATURE:0cxx_attributes
    Feature record: CXX_FEATURE:0cxx_attribute_deprecated
    Feature record: CXX_FEATURE:0cxx_auto_type
    Feature record: CXX_FEATURE:0cxx_binary_literals
    Feature record: CXX_FEATURE:0cxx_constexpr
    Feature record: CXX_FEATURE:0cxx_contextual_conversions
    Feature record: CXX_FEATURE:0cxx_decltype
    Feature record: CXX_FEATURE:0cxx_decltype_auto
    Feature record: CXX_FEATURE:0cxx_decltype_incomplete_return_types
    Feature record: CXX_FEATURE:0cxx_default_function_template_args
    Feature record: CXX_FEATURE:0cxx_defaulted_functions
    Feature record: CXX_FEATURE:0cxx_defaulted_move_initializers
    Feature record: CXX_FEATURE:0cxx_delegating_constructors
    Feature record: CXX_FEATURE:0cxx_deleted_functions
    Feature record: CXX_FEATURE:0cxx_digit_separators
    Feature record: CXX_FEATURE:0cxx_enum_forward_declarations
    Feature record: CXX_FEATURE:0cxx_explicit_conversions
    Feature record: CXX_FEATURE:0cxx_extended_friend_declarations
    Feature record: CXX_FEATURE:0cxx_extern_templates
    Feature record: CXX_FEATURE:0cxx_final
    Feature record: CXX_FEATURE:0cxx_func_identifier
    Feature record: CXX_FEATURE:0cxx_generalized_initializers
    Feature record: CXX_FEATURE:0cxx_generic_lambdas
    Feature record: CXX_FEATURE:0cxx_inheriting_constructors
    Feature record: CXX_FEATURE:0cxx_inline_namespaces
    Feature record: CXX_FEATURE:0cxx_lambdas
    Feature record: CXX_FEATURE:0cxx_lambda_init_captures
    Feature record: CXX_FEATURE:0cxx_local_type_template_args
    Feature record: CXX_FEATURE:0cxx_long_long_type
    Feature record: CXX_FEATURE:0cxx_noexcept
    Feature record: CXX_FEATURE:0cxx_nonstatic_member_init
    Feature record: CXX_FEATURE:0cxx_nullptr
    Feature record: CXX_FEATURE:0cxx_override
    Feature record: CXX_FEATURE:0cxx_range_for
    Feature record: CXX_FEATURE:0cxx_raw_string_literals
    Feature record: CXX_FEATURE:0cxx_reference_qualified_functions
    Feature record: CXX_FEATURE:0cxx_relaxed_constexpr
    Feature record: CXX_FEATURE:0cxx_return_type_deduction
    Feature record: CXX_FEATURE:0cxx_right_angle_brackets
    Feature record: CXX_FEATURE:0cxx_rvalue_references
    Feature record: CXX_FEATURE:0cxx_sizeof_member
    Feature record: CXX_FEATURE:0cxx_static_assert
    Feature record: CXX_FEATURE:0cxx_strong_enums
    Feature record: CXX_FEATURE:1cxx_template_template_parameters
    Feature record: CXX_FEATURE:0cxx_thread_local
    Feature record: CXX_FEATURE:0cxx_trailing_return_types
    Feature record: CXX_FEATURE:0cxx_unicode_literals
    Feature record: CXX_FEATURE:0cxx_uniform_initialization
    Feature record: CXX_FEATURE:0cxx_unrestricted_unions
    Feature record: CXX_FEATURE:0cxx_user_literals
    Feature record: CXX_FEATURE:0cxx_variable_templates
    Feature record: CXX_FEATURE:0cxx_variadic_macros
    Feature record: CXX_FEATURE:0cxx_variadic_templates
